[ 2016-01-13T17:32:10+08:00 ] 127.0.0.1 /class-arranger/index.php/Home/User/login.html
INFO: [ app_init ] --START--
INFO: Run Behavior\BuildLiteBehavior [ RunTime:0.000028s ]
INFO: [ app_init ] --END-- [ RunTime:0.001279s ]
INFO: [ app_begin ] --START--
INFO: Run Behavior\ReadHtmlCacheBehavior [ RunTime:0.002313s ]
INFO: [ app_begin ] --END-- [ RunTime:0.002437s ]
INFO: [ action_begin ] --START--
INFO: Run Home\Behaviors\AuthCheckBehavior [ RunTime:0.003664s ]
INFO: [ action_begin ] --END-- [ RunTime:0.003751s ]
INFO: [ view_parse ] --START--
INFO: [ template_filter ] --START--
INFO: Run Behavior\ContentReplaceBehavior [ RunTime:0.000060s ]
INFO: [ template_filter ] --END-- [ RunTime:0.000153s ]
INFO: Run Behavior\ParseTemplateBehavior [ RunTime:0.125550s ]
INFO: [ view_parse ] --END-- [ RunTime:0.125663s ]
INFO: [ view_filter ] --START--
INFO: Run Behavior\WriteHtmlCacheBehavior [ RunTime:0.001088s ]
INFO: [ view_filter ] --END-- [ RunTime:0.001186s ]
INFO: [ app_end ] --START--
INFO: Run Behavior\ShowPageTraceBehavior [ RunTime:0.001441s ]
INFO: [ app_end ] --END-- [ RunTime:0.001562s ]

[ 2016-01-13T17:32:17+08:00 ] 127.0.0.1 /class-arranger/index.php/Home/User/doLogin
INFO: [ app_init ] --START--
INFO: Run Behavior\BuildLiteBehavior [ RunTime:0.000023s ]
INFO: [ app_init ] --END-- [ RunTime:0.000518s ]
INFO: [ app_begin ] --START--
INFO: Run Behavior\ReadHtmlCacheBehavior [ RunTime:0.000898s ]
INFO: [ app_begin ] --END-- [ RunTime:0.000994s ]
INFO: [ action_begin ] --START--
INFO: Run Home\Behaviors\AuthCheckBehavior [ RunTime:0.001261s ]
INFO: [ action_begin ] --END-- [ RunTime:0.001379s ]
NOTIC: [8] Undefined index: lite D:\langs\php\wamp\www\class-arranger\ThinkPHP\Library\Think\Db.class.php 第 37 行.
INFO: [ view_parse ] --START--
INFO: [ template_filter ] --START--
INFO: Run Behavior\ContentReplaceBehavior [ RunTime:0.000068s ]
INFO: [ template_filter ] --END-- [ RunTime:0.000174s ]
INFO: Run Behavior\ParseTemplateBehavior [ RunTime:0.037322s ]
INFO: [ view_parse ] --END-- [ RunTime:0.037448s ]
INFO: [ view_filter ] --START--
INFO: Run Behavior\WriteHtmlCacheBehavior [ RunTime:0.000545s ]
INFO: [ view_filter ] --END-- [ RunTime:0.000631s ]
INFO: [ app_end ] --START--
INFO: Run Behavior\ShowPageTraceBehavior [ RunTime:0.000989s ]
INFO: [ app_end ] --END-- [ RunTime:0.001081s ]

[ 2016-01-13T17:32:56+08:00 ] 127.0.0.1 /index.php/Home/Schedule/show
INFO: [ app_init ] --START--
INFO: Run Behavior\BuildLiteBehavior [ RunTime:0.000022s ]
INFO: [ app_init ] --END-- [ RunTime:0.000572s ]
INFO: [ app_begin ] --START--
INFO: Run Behavior\ReadHtmlCacheBehavior [ RunTime:0.000975s ]
INFO: [ app_begin ] --END-- [ RunTime:0.001068s ]
NOTIC: [2048] Declaration of Home\Controller\ScheduleController::show() should be compatible with that of Think\Controller::show() D:\langs\php\wamp\www\Application\Home\Controller\ScheduleController.class.php 第 90 行.
INFO: [ action_begin ] --START--
INFO: Run Home\Behaviors\AuthCheckBehavior [ RunTime:0.001208s ]
INFO: [ action_begin ] --END-- [ RunTime:0.001311s ]
NOTIC: [8] Undefined index: lite D:\langs\php\wamp\www\ThinkPHP\Library\Think\Db.class.php 第 37 行.
INFO: [ view_parse ] --START--
NOTIC: [2] file_get_contents(./Application/Home/View/Public/nav.html) [<a href='function.file-get-contents'>function.file-get-contents</a>]: failed to open stream: No such file or directory D:\langs\php\wamp\www\ThinkPHP\Library\Think\Template.class.php 第 696 行.
INFO: [ template_filter ] --START--
INFO: Run Behavior\ContentReplaceBehavior [ RunTime:0.000349s ]
INFO: [ template_filter ] --END-- [ RunTime:0.000457s ]
INFO: Run Behavior\ParseTemplateBehavior [ RunTime:0.113388s ]
INFO: [ view_parse ] --END-- [ RunTime:0.113509s ]
INFO: [ view_filter ] --START--
INFO: Run Behavior\WriteHtmlCacheBehavior [ RunTime:0.000572s ]
INFO: [ view_filter ] --END-- [ RunTime:0.000661s ]
INFO: [ app_end ] --START--
INFO: Run Behavior\ShowPageTraceBehavior [ RunTime:0.001107s ]
INFO: [ app_end ] --END-- [ RunTime:0.001194s ]

[ 2016-01-13T18:08:47+08:00 ] 127.0.0.1 /index.php/Home/Schedule/show
INFO: [ app_init ] --START--
INFO: Run Behavior\BuildLiteBehavior [ RunTime:0.000023s ]
INFO: [ app_init ] --END-- [ RunTime:0.000574s ]
INFO: [ app_begin ] --START--
INFO: Run Behavior\ReadHtmlCacheBehavior [ RunTime:0.000979s ]
INFO: [ app_begin ] --END-- [ RunTime:0.001090s ]
NOTIC: [2048] Declaration of Home\Controller\ScheduleController::show() should be compatible with that of Think\Controller::show() D:\langs\php\wamp\www\Application\Home\Controller\ScheduleController.class.php 第 90 行.
INFO: [ action_begin ] --START--
INFO: Run Home\Behaviors\AuthCheckBehavior [ RunTime:0.001193s ]
INFO: [ action_begin ] --END-- [ RunTime:0.001317s ]
NOTIC: [8] Undefined index: lite D:\langs\php\wamp\www\ThinkPHP\Library\Think\Db.class.php 第 37 行.
INFO: [ view_parse ] --START--
INFO: [ template_filter ] --START--
INFO: Run Behavior\ContentReplaceBehavior [ RunTime:0.000370s ]
INFO: [ template_filter ] --END-- [ RunTime:0.000476s ]
INFO: Run Behavior\ParseTemplateBehavior [ RunTime:0.041824s ]
INFO: [ view_parse ] --END-- [ RunTime:0.041959s ]
INFO: [ view_filter ] --START--
INFO: Run Behavior\WriteHtmlCacheBehavior [ RunTime:0.000469s ]
INFO: [ view_filter ] --END-- [ RunTime:0.000555s ]
INFO: [ app_end ] --START--
INFO: Run Behavior\ShowPageTraceBehavior [ RunTime:0.000778s ]
INFO: [ app_end ] --END-- [ RunTime:0.000847s ]

[ 2016-01-13T18:08:47+08:00 ] 127.0.0.1 /index.php/Home/Schedule/Public/img/logo.png
INFO: [ app_init ] --START--
INFO: Run Behavior\BuildLiteBehavior [ RunTime:0.000019s ]
INFO: [ app_init ] --END-- [ RunTime:0.000366s ]

[ 2016-01-13T18:41:04+08:00 ] 127.0.0.1 /index.php/Home/Schedule/show
INFO: [ app_init ] --START--
INFO: Run Behavior\BuildLiteBehavior [ RunTime:0.000025s ]
INFO: [ app_init ] --END-- [ RunTime:0.000628s ]
INFO: [ app_begin ] --START--
INFO: Run Behavior\ReadHtmlCacheBehavior [ RunTime:0.001024s ]
INFO: [ app_begin ] --END-- [ RunTime:0.001143s ]
NOTIC: [2048] Declaration of Home\Controller\ScheduleController::show() should be compatible with that of Think\Controller::show() D:\langs\php\wamp\www\Application\Home\Controller\ScheduleController.class.php 第 90 行.
INFO: [ action_begin ] --START--
INFO: Run Home\Behaviors\AuthCheckBehavior [ RunTime:0.001000s ]
INFO: [ action_begin ] --END-- [ RunTime:0.001105s ]
NOTIC: [8] Undefined index: lite D:\langs\php\wamp\www\ThinkPHP\Library\Think\Db.class.php 第 37 行.
INFO: [ view_parse ] --START--
INFO: [ template_filter ] --START--
INFO: Run Behavior\ContentReplaceBehavior [ RunTime:0.000413s ]
INFO: [ template_filter ] --END-- [ RunTime:0.000535s ]
INFO: Run Behavior\ParseTemplateBehavior [ RunTime:0.031955s ]
INFO: [ view_parse ] --END-- [ RunTime:0.032068s ]
INFO: [ view_filter ] --START--
INFO: Run Behavior\WriteHtmlCacheBehavior [ RunTime:0.000478s ]
INFO: [ view_filter ] --END-- [ RunTime:0.000570s ]
INFO: [ app_end ] --START--
INFO: Run Behavior\ShowPageTraceBehavior [ RunTime:0.000990s ]
INFO: [ app_end ] --END-- [ RunTime:0.001098s ]

[ 2016-01-13T18:41:04+08:00 ] 127.0.0.1 /index.php/Home/Schedule/Public/img/logo.png
INFO: [ app_init ] --START--
INFO: Run Behavior\BuildLiteBehavior [ RunTime:0.000027s ]
INFO: [ app_init ] --END-- [ RunTime:0.000761s ]

[ 2016-01-13T18:41:05+08:00 ] 127.0.0.1 /index.php/Home/Schedule/show
INFO: [ app_init ] --START--
INFO: Run Behavior\BuildLiteBehavior [ RunTime:0.000016s ]
INFO: [ app_init ] --END-- [ RunTime:0.000349s ]
INFO: [ app_begin ] --START--
INFO: Run Behavior\ReadHtmlCacheBehavior [ RunTime:0.000505s ]
INFO: [ app_begin ] --END-- [ RunTime:0.000569s ]
NOTIC: [2048] Declaration of Home\Controller\ScheduleController::show() should be compatible with that of Think\Controller::show() D:\langs\php\wamp\www\Application\Home\Controller\ScheduleController.class.php 第 90 行.
INFO: [ action_begin ] --START--
INFO: Run Home\Behaviors\AuthCheckBehavior [ RunTime:0.000475s ]
INFO: [ action_begin ] --END-- [ RunTime:0.000539s ]
NOTIC: [8] Undefined index: lite D:\langs\php\wamp\www\ThinkPHP\Library\Think\Db.class.php 第 37 行.
INFO: [ view_parse ] --START--
INFO: [ template_filter ] --START--
INFO: Run Behavior\ContentReplaceBehavior [ RunTime:0.000251s ]
INFO: [ template_filter ] --END-- [ RunTime:0.000324s ]
INFO: Run Behavior\ParseTemplateBehavior [ RunTime:0.020062s ]
INFO: [ view_parse ] --END-- [ RunTime:0.020139s ]
INFO: [ view_filter ] --START--
INFO: Run Behavior\WriteHtmlCacheBehavior [ RunTime:0.000222s ]
INFO: [ view_filter ] --END-- [ RunTime:0.000278s ]
INFO: [ app_end ] --START--
INFO: Run Behavior\ShowPageTraceBehavior [ RunTime:0.000522s ]
INFO: [ app_end ] --END-- [ RunTime:0.000580s ]

[ 2016-01-13T18:41:05+08:00 ] 127.0.0.1 /index.php/Home/Schedule/Public/img/logo.png
INFO: [ app_init ] --START--
INFO: Run Behavior\BuildLiteBehavior [ RunTime:0.000013s ]
INFO: [ app_init ] --END-- [ RunTime:0.000265s ]

[ 2016-01-13T18:41:06+08:00 ] 127.0.0.1 /index.php/Home/Schedule/show
INFO: [ app_init ] --START--
INFO: Run Behavior\BuildLiteBehavior [ RunTime:0.000023s ]
INFO: [ app_init ] --END-- [ RunTime:0.000546s ]
INFO: [ app_begin ] --START--
INFO: Run Behavior\ReadHtmlCacheBehavior [ RunTime:0.000801s ]
INFO: [ app_begin ] --END-- [ RunTime:0.000902s ]
NOTIC: [2048] Declaration of Home\Controller\ScheduleController::show() should be compatible with that of Think\Controller::show() D:\langs\php\wamp\www\Application\Home\Controller\ScheduleController.class.php 第 90 行.
INFO: [ action_begin ] --START--
INFO: Run Home\Behaviors\AuthCheckBehavior [ RunTime:0.000642s ]
INFO: [ action_begin ] --END-- [ RunTime:0.000742s ]
NOTIC: [8] Undefined index: lite D:\langs\php\wamp\www\ThinkPHP\Library\Think\Db.class.php 第 37 行.
INFO: [ view_parse ] --START--
INFO: [ template_filter ] --START--
INFO: Run Behavior\ContentReplaceBehavior [ RunTime:0.000220s ]
INFO: [ template_filter ] --END-- [ RunTime:0.000288s ]
INFO: Run Behavior\ParseTemplateBehavior [ RunTime:0.017168s ]
INFO: [ view_parse ] --END-- [ RunTime:0.017236s ]
INFO: [ view_filter ] --START--
INFO: Run Behavior\WriteHtmlCacheBehavior [ RunTime:0.000195s ]
INFO: [ view_filter ] --END-- [ RunTime:0.000243s ]
INFO: [ app_end ] --START--
INFO: Run Behavior\ShowPageTraceBehavior [ RunTime:0.000448s ]
INFO: [ app_end ] --END-- [ RunTime:0.000496s ]

[ 2016-01-13T18:41:06+08:00 ] 127.0.0.1 /index.php/Home/Schedule/Public/img/logo.png
INFO: [ app_init ] --START--
INFO: Run Behavior\BuildLiteBehavior [ RunTime:0.000013s ]
INFO: [ app_init ] --END-- [ RunTime:0.000275s ]

[ 2016-01-13T18:41:06+08:00 ] 127.0.0.1 /index.php/Home/Schedule/show
INFO: [ app_init ] --START--
INFO: Run Behavior\BuildLiteBehavior [ RunTime:0.000023s ]
INFO: [ app_init ] --END-- [ RunTime:0.000563s ]
INFO: [ app_begin ] --START--
INFO: Run Behavior\ReadHtmlCacheBehavior [ RunTime:0.000771s ]
INFO: [ app_begin ] --END-- [ RunTime:0.000873s ]
NOTIC: [2048] Declaration of Home\Controller\ScheduleController::show() should be compatible with that of Think\Controller::show() D:\langs\php\wamp\www\Application\Home\Controller\ScheduleController.class.php 第 90 行.
INFO: [ action_begin ] --START--
INFO: Run Home\Behaviors\AuthCheckBehavior [ RunTime:0.000647s ]
INFO: [ action_begin ] --END-- [ RunTime:0.000748s ]
NOTIC: [8] Undefined index: lite D:\langs\php\wamp\www\ThinkPHP\Library\Think\Db.class.php 第 37 行.
INFO: [ view_parse ] --START--
INFO: [ template_filter ] --START--
INFO: Run Behavior\ContentReplaceBehavior [ RunTime:0.000242s ]
INFO: [ template_filter ] --END-- [ RunTime:0.000315s ]
INFO: Run Behavior\ParseTemplateBehavior [ RunTime:0.035040s ]
INFO: [ view_parse ] --END-- [ RunTime:0.035149s ]
INFO: [ view_filter ] --START--
INFO: Run Behavior\WriteHtmlCacheBehavior [ RunTime:0.000225s ]
INFO: [ view_filter ] --END-- [ RunTime:0.000294s ]
INFO: [ app_end ] --START--
INFO: Run Behavior\ShowPageTraceBehavior [ RunTime:0.000520s ]
INFO: [ app_end ] --END-- [ RunTime:0.000578s ]

[ 2016-01-13T18:41:06+08:00 ] 127.0.0.1 /index.php/Home/Schedule/Public/img/logo.png
INFO: [ app_init ] --START--
INFO: Run Behavior\BuildLiteBehavior [ RunTime:0.000017s ]
INFO: [ app_init ] --END-- [ RunTime:0.000348s ]

[ 2016-01-13T18:41:06+08:00 ] 127.0.0.1 /index.php/Home/Schedule/show
INFO: [ app_init ] --START--
INFO: Run Behavior\BuildLiteBehavior [ RunTime:0.000021s ]
INFO: [ app_init ] --END-- [ RunTime:0.000511s ]
INFO: [ app_begin ] --START--
INFO: Run Behavior\ReadHtmlCacheBehavior [ RunTime:0.000722s ]
INFO: [ app_begin ] --END-- [ RunTime:0.000815s ]
NOTIC: [2048] Declaration of Home\Controller\ScheduleController::show() should be compatible with that of Think\Controller::show() D:\langs\php\wamp\www\Application\Home\Controller\ScheduleController.class.php 第 90 行.
INFO: [ action_begin ] --START--
INFO: Run Home\Behaviors\AuthCheckBehavior [ RunTime:0.000597s ]
INFO: [ action_begin ] --END-- [ RunTime:0.000690s ]
NOTIC: [8] Undefined index: lite D:\langs\php\wamp\www\ThinkPHP\Library\Think\Db.class.php 第 37 行.
INFO: [ view_parse ] --START--
INFO: [ template_filter ] --START--
INFO: Run Behavior\ContentReplaceBehavior [ RunTime:0.000186s ]
INFO: [ template_filter ] --END-- [ RunTime:0.000240s ]
INFO: Run Behavior\ParseTemplateBehavior [ RunTime:0.014548s ]
INFO: [ view_parse ] --END-- [ RunTime:0.014603s ]
INFO: [ view_filter ] --START--
INFO: Run Behavior\WriteHtmlCacheBehavior [ RunTime:0.000225s ]
INFO: [ view_filter ] --END-- [ RunTime:0.000266s ]
INFO: [ app_end ] --START--
INFO: Run Behavior\ShowPageTraceBehavior [ RunTime:0.000384s ]
INFO: [ app_end ] --END-- [ RunTime:0.000425s ]

[ 2016-01-13T18:41:06+08:00 ] 127.0.0.1 /index.php/Home/Schedule/Public/img/logo.png
INFO: [ app_init ] --START--
INFO: Run Behavior\BuildLiteBehavior [ RunTime:0.000014s ]
INFO: [ app_init ] --END-- [ RunTime:0.000277s ]

