[ 2016-04-14T09:42:22+08:00 ] 127.0.0.1 /index.php/Home/User/login
INFO: [ app_init ] --START--
INFO: Run Behavior\BuildLiteBehavior [ RunTime:0.000024s ]
INFO: [ app_init ] --END-- [ RunTime:0.000596s ]
INFO: [ app_begin ] --START--
INFO: Run Behavior\ReadHtmlCacheBehavior [ RunTime:0.000903s ]
INFO: [ app_begin ] --END-- [ RunTime:0.001002s ]
INFO: [ action_begin ] --START--
INFO: Run Home\Behaviors\AuthCheckBehavior [ RunTime:0.000842s ]
NOTIC: [8] Undefined index: pnav D:\langs\php\wamp\www\Application\Home\Behaviors\NavBehavior.class.php 第 6 行.
NOTIC: [8] Undefined index: nav D:\langs\php\wamp\www\Application\Home\Behaviors\NavBehavior.class.php 第 7 行.
INFO: Run Home\Behaviors\NavBehavior [ RunTime:0.000538s ]
INFO: [ action_begin ] --END-- [ RunTime:0.001533s ]
INFO: [ view_parse ] --START--
INFO: [ template_filter ] --START--
INFO: Run Behavior\ContentReplaceBehavior [ RunTime:0.000075s ]
INFO: [ template_filter ] --END-- [ RunTime:0.000174s ]
INFO: Run Behavior\ParseTemplateBehavior [ RunTime:0.009710s ]
INFO: [ view_parse ] --END-- [ RunTime:0.009807s ]
INFO: [ view_filter ] --START--
INFO: Run Behavior\WriteHtmlCacheBehavior [ RunTime:0.000423s ]
INFO: [ view_filter ] --END-- [ RunTime:0.000505s ]
INFO: [ app_end ] --START--
INFO: Run Behavior\ShowPageTraceBehavior [ RunTime:0.000900s ]
INFO: [ app_end ] --END-- [ RunTime:0.000988s ]

[ 2016-04-14T09:42:24+08:00 ] 127.0.0.1 /index.php/Home/User/doLogin
INFO: [ app_init ] --START--
INFO: Run Behavior\BuildLiteBehavior [ RunTime:0.000022s ]
INFO: [ app_init ] --END-- [ RunTime:0.000499s ]
INFO: [ app_begin ] --START--
INFO: Run Behavior\ReadHtmlCacheBehavior [ RunTime:0.000707s ]
INFO: [ app_begin ] --END-- [ RunTime:0.000803s ]
INFO: [ action_begin ] --START--
INFO: Run Home\Behaviors\AuthCheckBehavior [ RunTime:0.000536s ]
NOTIC: [8] Undefined index: pnav D:\langs\php\wamp\www\Application\Home\Behaviors\NavBehavior.class.php 第 6 行.
NOTIC: [8] Undefined index: nav D:\langs\php\wamp\www\Application\Home\Behaviors\NavBehavior.class.php 第 7 行.
INFO: Run Home\Behaviors\NavBehavior [ RunTime:0.000410s ]
INFO: [ action_begin ] --END-- [ RunTime:0.001087s ]
NOTIC: [8] Undefined index: lite D:\langs\php\wamp\www\ThinkPHP\Library\Think\Db.class.php 第 37 行.
INFO: [ view_parse ] --START--
INFO: [ template_filter ] --START--
INFO: Run Behavior\ContentReplaceBehavior [ RunTime:0.000034s ]
INFO: [ template_filter ] --END-- [ RunTime:0.000082s ]
INFO: Run Behavior\ParseTemplateBehavior [ RunTime:0.004278s ]
INFO: [ view_parse ] --END-- [ RunTime:0.004330s ]
INFO: [ view_filter ] --START--
INFO: Run Behavior\WriteHtmlCacheBehavior [ RunTime:0.000161s ]
INFO: [ view_filter ] --END-- [ RunTime:0.000200s ]
INFO: [ app_end ] --START--
INFO: Run Behavior\ShowPageTraceBehavior [ RunTime:0.000360s ]
INFO: [ app_end ] --END-- [ RunTime:0.000401s ]

[ 2016-04-14T09:42:25+08:00 ] 127.0.0.1 /index.php/Home/Class/classmain
INFO: [ app_init ] --START--
INFO: Run Behavior\BuildLiteBehavior [ RunTime:0.000021s ]
INFO: [ app_init ] --END-- [ RunTime:0.000496s ]
INFO: [ app_begin ] --START--
INFO: Run Behavior\ReadHtmlCacheBehavior [ RunTime:0.000713s ]
INFO: [ app_begin ] --END-- [ RunTime:0.000803s ]
NOTIC: [2048] Declaration of Home\Controller\ClassController::show() should be compatible with that of Think\Controller::show() D:\langs\php\wamp\www\Application\Home\Controller\ClassController.class.php 第 91 行.
INFO: [ action_begin ] --START--
INFO: Run Home\Behaviors\AuthCheckBehavior [ RunTime:0.000621s ]
NOTIC: [8] Undefined index: pnav D:\langs\php\wamp\www\Application\Home\Behaviors\NavBehavior.class.php 第 6 行.
NOTIC: [8] Undefined index: nav D:\langs\php\wamp\www\Application\Home\Behaviors\NavBehavior.class.php 第 7 行.
INFO: Run Home\Behaviors\NavBehavior [ RunTime:0.000430s ]
INFO: [ action_begin ] --END-- [ RunTime:0.001201s ]
INFO: [ view_parse ] --START--
INFO: [ template_filter ] --START--
INFO: Run Behavior\ContentReplaceBehavior [ RunTime:0.000107s ]
INFO: [ template_filter ] --END-- [ RunTime:0.000170s ]
NOTIC: [8] Undefined index: pnav D:\langs\php\wamp\www\Application\Runtime\Cache\Home\db122e033f9b6e73e50fcee49ad0397f.php 第 128 行.
NOTIC: [8] Undefined index: nav D:\langs\php\wamp\www\Application\Runtime\Cache\Home\db122e033f9b6e73e50fcee49ad0397f.php 第 129 行.
INFO: Run Behavior\ParseTemplateBehavior [ RunTime:0.012894s ]
INFO: [ view_parse ] --END-- [ RunTime:0.012962s ]
INFO: [ view_filter ] --START--
INFO: Run Behavior\WriteHtmlCacheBehavior [ RunTime:0.000176s ]
INFO: [ view_filter ] --END-- [ RunTime:0.000222s ]
INFO: [ app_end ] --START--
INFO: Run Behavior\ShowPageTraceBehavior [ RunTime:0.000441s ]
INFO: [ app_end ] --END-- [ RunTime:0.000488s ]

[ 2016-04-14T09:42:43+08:00 ] 127.0.0.1 /index.php/Home/Class/classmain.html?nav=42&pnav=40
INFO: [ app_init ] --START--
INFO: Run Behavior\BuildLiteBehavior [ RunTime:0.000022s ]
INFO: [ app_init ] --END-- [ RunTime:0.000506s ]
INFO: [ app_begin ] --START--
INFO: Run Behavior\ReadHtmlCacheBehavior [ RunTime:0.000913s ]
INFO: [ app_begin ] --END-- [ RunTime:0.001010s ]
NOTIC: [2048] Declaration of Home\Controller\ClassController::show() should be compatible with that of Think\Controller::show() D:\langs\php\wamp\www\Application\Home\Controller\ClassController.class.php 第 91 行.
INFO: [ action_begin ] --START--
INFO: Run Home\Behaviors\AuthCheckBehavior [ RunTime:0.000816s ]
INFO: Run Home\Behaviors\NavBehavior [ RunTime:0.000411s ]
INFO: [ action_begin ] --END-- [ RunTime:0.001376s ]
INFO: [ view_parse ] --START--
INFO: [ template_filter ] --START--
INFO: Run Behavior\ContentReplaceBehavior [ RunTime:0.000098s ]
INFO: [ template_filter ] --END-- [ RunTime:0.000159s ]
INFO: Run Behavior\ParseTemplateBehavior [ RunTime:0.015971s ]
INFO: [ view_parse ] --END-- [ RunTime:0.016043s ]
INFO: [ view_filter ] --START--
INFO: Run Behavior\WriteHtmlCacheBehavior [ RunTime:0.000228s ]
INFO: [ view_filter ] --END-- [ RunTime:0.000273s ]
INFO: [ app_end ] --START--
INFO: Run Behavior\ShowPageTraceBehavior [ RunTime:0.000460s ]
INFO: [ app_end ] --END-- [ RunTime:0.000502s ]

[ 2016-04-14T09:43:34+08:00 ] 127.0.0.1 /index.php/Home/Class/classmain.html?nav=42&pnav=40
INFO: [ app_init ] --START--
INFO: Run Behavior\BuildLiteBehavior [ RunTime:0.000023s ]
INFO: [ app_init ] --END-- [ RunTime:0.000544s ]
INFO: [ app_begin ] --START--
INFO: Run Behavior\ReadHtmlCacheBehavior [ RunTime:0.000873s ]
INFO: [ app_begin ] --END-- [ RunTime:0.001013s ]
NOTIC: [2048] Declaration of Home\Controller\ClassController::show() should be compatible with that of Think\Controller::show() D:\langs\php\wamp\www\Application\Home\Controller\ClassController.class.php 第 91 行.
INFO: [ action_begin ] --START--
INFO: Run Home\Behaviors\AuthCheckBehavior [ RunTime:0.000661s ]
INFO: Run Home\Behaviors\NavBehavior [ RunTime:0.000360s ]
INFO: [ action_begin ] --END-- [ RunTime:0.001190s ]
INFO: [ view_parse ] --START--
INFO: [ template_filter ] --START--
INFO: Run Behavior\ContentReplaceBehavior [ RunTime:0.000122s ]
INFO: [ template_filter ] --END-- [ RunTime:0.000191s ]
INFO: Run Behavior\ParseTemplateBehavior [ RunTime:0.012754s ]
INFO: [ view_parse ] --END-- [ RunTime:0.012836s ]
INFO: [ view_filter ] --START--
INFO: Run Behavior\WriteHtmlCacheBehavior [ RunTime:0.000208s ]
INFO: [ view_filter ] --END-- [ RunTime:0.000260s ]
INFO: [ app_end ] --START--
INFO: Run Behavior\ShowPageTraceBehavior [ RunTime:0.000500s ]
INFO: [ app_end ] --END-- [ RunTime:0.000554s ]

[ 2016-04-14T09:44:38+08:00 ] 127.0.0.1 /index.php/Home/Class/addstudent.html?nav=21&pnav=20
INFO: [ app_init ] --START--
INFO: Run Behavior\BuildLiteBehavior [ RunTime:0.000023s ]
INFO: [ app_init ] --END-- [ RunTime:0.000591s ]
INFO: [ app_begin ] --START--
INFO: Run Behavior\ReadHtmlCacheBehavior [ RunTime:0.000901s ]
INFO: [ app_begin ] --END-- [ RunTime:0.001002s ]
NOTIC: [2048] Declaration of Home\Controller\ClassController::show() should be compatible with that of Think\Controller::show() D:\langs\php\wamp\www\Application\Home\Controller\ClassController.class.php 第 91 行.
INFO: [ action_begin ] --START--
INFO: Run Home\Behaviors\AuthCheckBehavior [ RunTime:0.000869s ]
INFO: Run Home\Behaviors\NavBehavior [ RunTime:0.000440s ]
INFO: [ action_begin ] --END-- [ RunTime:0.001465s ]
ERR: 非法操作:addstudent

[ 2016-04-14T09:44:39+08:00 ] 127.0.0.1 /index.php/Home/Class/classmain.html?nav=42&pnav=40
INFO: [ app_init ] --START--
INFO: Run Behavior\BuildLiteBehavior [ RunTime:0.000021s ]
INFO: [ app_init ] --END-- [ RunTime:0.000496s ]
INFO: [ app_begin ] --START--
INFO: Run Behavior\ReadHtmlCacheBehavior [ RunTime:0.000714s ]
INFO: [ app_begin ] --END-- [ RunTime:0.000807s ]
NOTIC: [2048] Declaration of Home\Controller\ClassController::show() should be compatible with that of Think\Controller::show() D:\langs\php\wamp\www\Application\Home\Controller\ClassController.class.php 第 91 行.
INFO: [ action_begin ] --START--
INFO: Run Home\Behaviors\AuthCheckBehavior [ RunTime:0.000558s ]
INFO: Run Home\Behaviors\NavBehavior [ RunTime:0.000321s ]
INFO: [ action_begin ] --END-- [ RunTime:0.001024s ]
INFO: [ view_parse ] --START--
INFO: [ template_filter ] --START--
INFO: Run Behavior\ContentReplaceBehavior [ RunTime:0.000181s ]
INFO: [ template_filter ] --END-- [ RunTime:0.000279s ]
INFO: Run Behavior\ParseTemplateBehavior [ RunTime:0.018957s ]
INFO: [ view_parse ] --END-- [ RunTime:0.019052s ]
INFO: [ view_filter ] --START--
INFO: Run Behavior\WriteHtmlCacheBehavior [ RunTime:0.000398s ]
INFO: [ view_filter ] --END-- [ RunTime:0.000478s ]
INFO: [ app_end ] --START--
INFO: Run Behavior\ShowPageTraceBehavior [ RunTime:0.000853s ]
INFO: [ app_end ] --END-- [ RunTime:0.000937s ]

[ 2016-04-14T09:44:56+08:00 ] 127.0.0.1 /index.php/Home/Class/showclass.html?nav=43&pnav=40
INFO: [ app_init ] --START--
INFO: Run Behavior\BuildLiteBehavior [ RunTime:0.000023s ]
INFO: [ app_init ] --END-- [ RunTime:0.000617s ]
INFO: [ app_begin ] --START--
INFO: Run Behavior\ReadHtmlCacheBehavior [ RunTime:0.000877s ]
INFO: [ app_begin ] --END-- [ RunTime:0.000974s ]
NOTIC: [2048] Declaration of Home\Controller\ClassController::show() should be compatible with that of Think\Controller::show() D:\langs\php\wamp\www\Application\Home\Controller\ClassController.class.php 第 91 行.
INFO: [ action_begin ] --START--
INFO: Run Home\Behaviors\AuthCheckBehavior [ RunTime:0.000834s ]
INFO: Run Home\Behaviors\NavBehavior [ RunTime:0.000416s ]
INFO: [ action_begin ] --END-- [ RunTime:0.001396s ]
INFO: [ view_parse ] --START--
INFO: [ template_filter ] --START--
INFO: Run Behavior\ContentReplaceBehavior [ RunTime:0.000094s ]
INFO: [ template_filter ] --END-- [ RunTime:0.000150s ]
INFO: Run Behavior\ParseTemplateBehavior [ RunTime:0.011823s ]
INFO: [ view_parse ] --END-- [ RunTime:0.011897s ]
INFO: [ view_filter ] --START--
INFO: Run Behavior\WriteHtmlCacheBehavior [ RunTime:0.000216s ]
INFO: [ view_filter ] --END-- [ RunTime:0.000258s ]
INFO: [ app_end ] --START--
INFO: Run Behavior\ShowPageTraceBehavior [ RunTime:0.000430s ]
INFO: [ app_end ] --END-- [ RunTime:0.000471s ]

[ 2016-04-14T09:58:21+08:00 ] 127.0.0.1 /index.php/Home/Class/showclass.html?nav=43&pnav=40
INFO: [ app_init ] --START--
INFO: Run Behavior\BuildLiteBehavior [ RunTime:0.000025s ]
INFO: [ app_init ] --END-- [ RunTime:0.000613s ]
INFO: [ app_begin ] --START--
INFO: Run Behavior\ReadHtmlCacheBehavior [ RunTime:0.000945s ]
INFO: [ app_begin ] --END-- [ RunTime:0.001047s ]
NOTIC: [2048] Declaration of Home\Controller\ClassController::show() should be compatible with that of Think\Controller::show() D:\langs\php\wamp\www\Application\Home\Controller\ClassController.class.php 第 91 行.
INFO: [ action_begin ] --START--
INFO: Run Home\Behaviors\AuthCheckBehavior [ RunTime:0.000858s ]
INFO: Run Home\Behaviors\NavBehavior [ RunTime:0.000431s ]
INFO: [ action_begin ] --END-- [ RunTime:0.001446s ]
INFO: [ view_parse ] --START--
INFO: [ template_filter ] --START--
INFO: Run Behavior\ContentReplaceBehavior [ RunTime:0.000092s ]
INFO: [ template_filter ] --END-- [ RunTime:0.000145s ]
INFO: Run Behavior\ParseTemplateBehavior [ RunTime:0.010896s ]
INFO: [ view_parse ] --END-- [ RunTime:0.010942s ]
INFO: [ view_filter ] --START--
INFO: Run Behavior\WriteHtmlCacheBehavior [ RunTime:0.000209s ]
INFO: [ view_filter ] --END-- [ RunTime:0.000248s ]
INFO: [ app_end ] --START--
INFO: Run Behavior\ShowPageTraceBehavior [ RunTime:0.000416s ]
INFO: [ app_end ] --END-- [ RunTime:0.000454s ]

[ 2016-04-14T09:58:25+08:00 ] 127.0.0.1 /index.php/Home/Class/classmain.html?nav=42&pnav=40
INFO: [ app_init ] --START--
INFO: Run Behavior\BuildLiteBehavior [ RunTime:0.000011s ]
INFO: [ app_init ] --END-- [ RunTime:0.000253s ]
INFO: [ app_begin ] --START--
INFO: Run Behavior\ReadHtmlCacheBehavior [ RunTime:0.000353s ]
INFO: [ app_begin ] --END-- [ RunTime:0.000398s ]
NOTIC: [2048] Declaration of Home\Controller\ClassController::show() should be compatible with that of Think\Controller::show() D:\langs\php\wamp\www\Application\Home\Controller\ClassController.class.php 第 91 行.
INFO: [ action_begin ] --START--
INFO: Run Home\Behaviors\AuthCheckBehavior [ RunTime:0.000273s ]
INFO: Run Home\Behaviors\NavBehavior [ RunTime:0.000158s ]
INFO: [ action_begin ] --END-- [ RunTime:0.000501s ]
INFO: [ view_parse ] --START--
INFO: [ template_filter ] --START--
INFO: Run Behavior\ContentReplaceBehavior [ RunTime:0.000105s ]
INFO: [ template_filter ] --END-- [ RunTime:0.000159s ]
INFO: Run Behavior\ParseTemplateBehavior [ RunTime:0.009315s ]
INFO: [ view_parse ] --END-- [ RunTime:0.009377s ]
INFO: [ view_filter ] --START--
INFO: Run Behavior\WriteHtmlCacheBehavior [ RunTime:0.000218s ]
INFO: [ view_filter ] --END-- [ RunTime:0.000262s ]
INFO: [ app_end ] --START--
INFO: Run Behavior\ShowPageTraceBehavior [ RunTime:0.000390s ]
INFO: [ app_end ] --END-- [ RunTime:0.000428s ]

[ 2016-04-14T09:58:28+08:00 ] 127.0.0.1 /index.php/Home/Class/classmain.html?nav=42&pnav=40
INFO: [ app_init ] --START--
INFO: Run Behavior\BuildLiteBehavior [ RunTime:0.000022s ]
INFO: [ app_init ] --END-- [ RunTime:0.000555s ]
INFO: [ app_begin ] --START--
INFO: Run Behavior\ReadHtmlCacheBehavior [ RunTime:0.000717s ]
INFO: [ app_begin ] --END-- [ RunTime:0.000809s ]
NOTIC: [2048] Declaration of Home\Controller\ClassController::show() should be compatible with that of Think\Controller::show() D:\langs\php\wamp\www\Application\Home\Controller\ClassController.class.php 第 91 行.
INFO: [ action_begin ] --START--
INFO: Run Home\Behaviors\AuthCheckBehavior [ RunTime:0.000550s ]
INFO: Run Home\Behaviors\NavBehavior [ RunTime:0.000318s ]
INFO: [ action_begin ] --END-- [ RunTime:0.001009s ]
INFO: [ view_parse ] --START--
INFO: [ template_filter ] --START--
INFO: Run Behavior\ContentReplaceBehavior [ RunTime:0.000100s ]
INFO: [ template_filter ] --END-- [ RunTime:0.000153s ]
INFO: Run Behavior\ParseTemplateBehavior [ RunTime:0.016386s ]
INFO: [ view_parse ] --END-- [ RunTime:0.016450s ]
INFO: [ view_filter ] --START--
INFO: Run Behavior\WriteHtmlCacheBehavior [ RunTime:0.000148s ]
INFO: [ view_filter ] --END-- [ RunTime:0.000185s ]
INFO: [ app_end ] --START--
INFO: Run Behavior\ShowPageTraceBehavior [ RunTime:0.000367s ]
INFO: [ app_end ] --END-- [ RunTime:0.000406s ]

[ 2016-04-14T09:58:31+08:00 ] 127.0.0.1 /index.php/Home/Class/addstudent.html?nav=21&pnav=20
INFO: [ app_init ] --START--
INFO: Run Behavior\BuildLiteBehavior [ RunTime:0.000024s ]
INFO: [ app_init ] --END-- [ RunTime:0.000550s ]
INFO: [ app_begin ] --START--
INFO: Run Behavior\ReadHtmlCacheBehavior [ RunTime:0.000770s ]
INFO: [ app_begin ] --END-- [ RunTime:0.000869s ]
NOTIC: [2048] Declaration of Home\Controller\ClassController::show() should be compatible with that of Think\Controller::show() D:\langs\php\wamp\www\Application\Home\Controller\ClassController.class.php 第 91 行.
INFO: [ action_begin ] --START--
INFO: Run Home\Behaviors\AuthCheckBehavior [ RunTime:0.000275s ]
INFO: Run Home\Behaviors\NavBehavior [ RunTime:0.000240s ]
INFO: [ action_begin ] --END-- [ RunTime:0.000588s ]
ERR: 非法操作:addstudent

[ 2016-04-14T09:58:33+08:00 ] 127.0.0.1 /index.php/Home/Class/classmain.html?nav=42&pnav=40
INFO: [ app_init ] --START--
INFO: Run Behavior\BuildLiteBehavior [ RunTime:0.000023s ]
INFO: [ app_init ] --END-- [ RunTime:0.000544s ]
INFO: [ app_begin ] --START--
INFO: Run Behavior\ReadHtmlCacheBehavior [ RunTime:0.000777s ]
INFO: [ app_begin ] --END-- [ RunTime:0.000874s ]
NOTIC: [2048] Declaration of Home\Controller\ClassController::show() should be compatible with that of Think\Controller::show() D:\langs\php\wamp\www\Application\Home\Controller\ClassController.class.php 第 91 行.
INFO: [ action_begin ] --START--
INFO: Run Home\Behaviors\AuthCheckBehavior [ RunTime:0.000636s ]
INFO: Run Home\Behaviors\NavBehavior [ RunTime:0.000350s ]
INFO: [ action_begin ] --END-- [ RunTime:0.001141s ]
INFO: [ view_parse ] --START--
INFO: [ template_filter ] --START--
INFO: Run Behavior\ContentReplaceBehavior [ RunTime:0.000129s ]
INFO: [ template_filter ] --END-- [ RunTime:0.000191s ]
INFO: Run Behavior\ParseTemplateBehavior [ RunTime:0.013500s ]
INFO: [ view_parse ] --END-- [ RunTime:0.013577s ]
INFO: [ view_filter ] --START--
INFO: Run Behavior\WriteHtmlCacheBehavior [ RunTime:0.000186s ]
INFO: [ view_filter ] --END-- [ RunTime:0.000236s ]
INFO: [ app_end ] --START--
INFO: Run Behavior\ShowPageTraceBehavior [ RunTime:0.000478s ]
INFO: [ app_end ] --END-- [ RunTime:0.000530s ]

[ 2016-04-14T09:58:36+08:00 ] 127.0.0.1 /index.php/Home/Class/studentlist.html?nav=22&pnav=20
INFO: [ app_init ] --START--
INFO: Run Behavior\BuildLiteBehavior [ RunTime:0.000022s ]
INFO: [ app_init ] --END-- [ RunTime:0.000503s ]
INFO: [ app_begin ] --START--
INFO: Run Behavior\ReadHtmlCacheBehavior [ RunTime:0.000725s ]
INFO: [ app_begin ] --END-- [ RunTime:0.000818s ]
NOTIC: [2048] Declaration of Home\Controller\ClassController::show() should be compatible with that of Think\Controller::show() D:\langs\php\wamp\www\Application\Home\Controller\ClassController.class.php 第 91 行.
INFO: [ action_begin ] --START--
INFO: Run Home\Behaviors\AuthCheckBehavior [ RunTime:0.000552s ]
INFO: Run Home\Behaviors\NavBehavior [ RunTime:0.000321s ]
INFO: [ action_begin ] --END-- [ RunTime:0.001018s ]
ERR: 非法操作:studentlist

[ 2016-04-14T09:58:42+08:00 ] 127.0.0.1 /index.php/Home/Class/classmain.html?nav=42&pnav=40
INFO: [ app_init ] --START--
INFO: Run Behavior\BuildLiteBehavior [ RunTime:0.000024s ]
INFO: [ app_init ] --END-- [ RunTime:0.000532s ]
INFO: [ app_begin ] --START--
INFO: Run Behavior\ReadHtmlCacheBehavior [ RunTime:0.000770s ]
INFO: [ app_begin ] --END-- [ RunTime:0.000870s ]
NOTIC: [2048] Declaration of Home\Controller\ClassController::show() should be compatible with that of Think\Controller::show() D:\langs\php\wamp\www\Application\Home\Controller\ClassController.class.php 第 91 行.
INFO: [ action_begin ] --START--
INFO: Run Home\Behaviors\AuthCheckBehavior [ RunTime:0.000591s ]
INFO: Run Home\Behaviors\NavBehavior [ RunTime:0.000339s ]
INFO: [ action_begin ] --END-- [ RunTime:0.001103s ]
INFO: [ view_parse ] --START--
INFO: [ template_filter ] --START--
INFO: Run Behavior\ContentReplaceBehavior [ RunTime:0.000103s ]
INFO: [ template_filter ] --END-- [ RunTime:0.000156s ]
INFO: Run Behavior\ParseTemplateBehavior [ RunTime:0.014299s ]
INFO: [ view_parse ] --END-- [ RunTime:0.014368s ]
INFO: [ view_filter ] --START--
INFO: Run Behavior\WriteHtmlCacheBehavior [ RunTime:0.000163s ]
INFO: [ view_filter ] --END-- [ RunTime:0.000202s ]
INFO: [ app_end ] --START--
INFO: Run Behavior\ShowPageTraceBehavior [ RunTime:0.000376s ]
INFO: [ app_end ] --END-- [ RunTime:0.000423s ]

[ 2016-04-14T10:02:09+08:00 ] 127.0.0.1 /index.php/Home/Class/classmain.html?nav=42&pnav=40
INFO: [ app_init ] --START--
INFO: Run Behavior\BuildLiteBehavior [ RunTime:0.000025s ]
INFO: [ app_init ] --END-- [ RunTime:0.000604s ]
INFO: [ app_begin ] --START--
INFO: Run Behavior\ReadHtmlCacheBehavior [ RunTime:0.000916s ]
INFO: [ app_begin ] --END-- [ RunTime:0.001016s ]
NOTIC: [2048] Declaration of Home\Controller\ClassController::show() should be compatible with that of Think\Controller::show() D:\langs\php\wamp\www\Application\Home\Controller\ClassController.class.php 第 91 行.
INFO: [ action_begin ] --START--
INFO: Run Home\Behaviors\AuthCheckBehavior [ RunTime:0.000873s ]
INFO: Run Home\Behaviors\NavBehavior [ RunTime:0.000436s ]
INFO: [ action_begin ] --END-- [ RunTime:0.001468s ]
INFO: [ view_parse ] --START--
INFO: [ template_filter ] --START--
INFO: Run Behavior\ContentReplaceBehavior [ RunTime:0.000275s ]
INFO: [ template_filter ] --END-- [ RunTime:0.000384s ]
INFO: Run Behavior\ParseTemplateBehavior [ RunTime:0.020087s ]
INFO: [ view_parse ] --END-- [ RunTime:0.020195s ]
INFO: [ view_filter ] --START--
INFO: Run Behavior\WriteHtmlCacheBehavior [ RunTime:0.000481s ]
INFO: [ view_filter ] --END-- [ RunTime:0.000563s ]
INFO: [ app_end ] --START--
INFO: Run Behavior\ShowPageTraceBehavior [ RunTime:0.000851s ]
INFO: [ app_end ] --END-- [ RunTime:0.000932s ]

[ 2016-04-14T10:02:36+08:00 ] 127.0.0.1 /index.php/Home/Class/classmain.html?nav=42&pnav=40
INFO: [ app_init ] --START--
INFO: Run Behavior\BuildLiteBehavior [ RunTime:0.000023s ]
INFO: [ app_init ] --END-- [ RunTime:0.000612s ]
INFO: [ app_begin ] --START--
INFO: Run Behavior\ReadHtmlCacheBehavior [ RunTime:0.000891s ]
INFO: [ app_begin ] --END-- [ RunTime:0.000991s ]
NOTIC: [2048] Declaration of Home\Controller\ClassController::show() should be compatible with that of Think\Controller::show() D:\langs\php\wamp\www\Application\Home\Controller\ClassController.class.php 第 91 行.
INFO: [ action_begin ] --START--
INFO: Run Home\Behaviors\AuthCheckBehavior [ RunTime:0.000857s ]
INFO: Run Home\Behaviors\NavBehavior [ RunTime:0.000429s ]
INFO: [ action_begin ] --END-- [ RunTime:0.001443s ]
INFO: [ view_parse ] --START--
INFO: [ template_filter ] --START--
INFO: Run Behavior\ContentReplaceBehavior [ RunTime:0.000087s ]
INFO: [ template_filter ] --END-- [ RunTime:0.000137s ]
INFO: Run Behavior\ParseTemplateBehavior [ RunTime:0.009688s ]
INFO: [ view_parse ] --END-- [ RunTime:0.009743s ]
INFO: [ view_filter ] --START--
INFO: Run Behavior\WriteHtmlCacheBehavior [ RunTime:0.000217s ]
INFO: [ view_filter ] --END-- [ RunTime:0.000256s ]
INFO: [ app_end ] --START--
INFO: Run Behavior\ShowPageTraceBehavior [ RunTime:0.000428s ]
INFO: [ app_end ] --END-- [ RunTime:0.000469s ]

[ 2016-04-14T10:02:36+08:00 ] 127.0.0.1 /index.php/Home/Class/Public/js/bootstrap-datepicker/bootstrap-datepicker.js
INFO: [ app_init ] --START--
INFO: Run Behavior\BuildLiteBehavior [ RunTime:0.000013s ]
INFO: [ app_init ] --END-- [ RunTime:0.000264s ]
INFO: [ app_begin ] --START--
INFO: Run Behavior\ReadHtmlCacheBehavior [ RunTime:0.000371s ]
INFO: [ app_begin ] --END-- [ RunTime:0.000418s ]
NOTIC: [2048] Declaration of Home\Controller\ClassController::show() should be compatible with that of Think\Controller::show() D:\langs\php\wamp\www\Application\Home\Controller\ClassController.class.php 第 91 行.
INFO: [ action_begin ] --START--
INFO: Run Home\Behaviors\AuthCheckBehavior [ RunTime:0.000289s ]
NOTIC: [8] Undefined index: pnav D:\langs\php\wamp\www\Application\Home\Behaviors\NavBehavior.class.php 第 6 行.
NOTIC: [8] Undefined index: nav D:\langs\php\wamp\www\Application\Home\Behaviors\NavBehavior.class.php 第 7 行.
INFO: Run Home\Behaviors\NavBehavior [ RunTime:0.000202s ]
INFO: [ action_begin ] --END-- [ RunTime:0.000561s ]
ERR: 非法操作:Public

[ 2016-04-14T10:02:49+08:00 ] 127.0.0.1 /index.php/Home/Class/classmain.html?nav=42&pnav=40
INFO: [ app_init ] --START--
INFO: Run Behavior\BuildLiteBehavior [ RunTime:0.000014s ]
INFO: [ app_init ] --END-- [ RunTime:0.000322s ]
INFO: [ app_begin ] --START--
INFO: Run Behavior\ReadHtmlCacheBehavior [ RunTime:0.000534s ]
INFO: [ app_begin ] --END-- [ RunTime:0.000589s ]
NOTIC: [2048] Declaration of Home\Controller\ClassController::show() should be compatible with that of Think\Controller::show() D:\langs\php\wamp\www\Application\Home\Controller\ClassController.class.php 第 91 行.
INFO: [ action_begin ] --START--
INFO: Run Home\Behaviors\AuthCheckBehavior [ RunTime:0.000455s ]
INFO: Run Home\Behaviors\NavBehavior [ RunTime:0.000283s ]
INFO: [ action_begin ] --END-- [ RunTime:0.000819s ]
INFO: [ view_parse ] --START--
INFO: [ template_filter ] --START--
INFO: Run Behavior\ContentReplaceBehavior [ RunTime:0.000102s ]
INFO: [ template_filter ] --END-- [ RunTime:0.000159s ]
INFO: Run Behavior\ParseTemplateBehavior [ RunTime:0.010626s ]
INFO: [ view_parse ] --END-- [ RunTime:0.010680s ]
INFO: [ view_filter ] --START--
INFO: Run Behavior\WriteHtmlCacheBehavior [ RunTime:0.000228s ]
INFO: [ view_filter ] --END-- [ RunTime:0.000274s ]
INFO: [ app_end ] --START--
INFO: Run Behavior\ShowPageTraceBehavior [ RunTime:0.000506s ]
INFO: [ app_end ] --END-- [ RunTime:0.000552s ]

[ 2016-04-14T10:02:49+08:00 ] 127.0.0.1 /index.php/Home/Public/js/bootstrap-datepicker/bootstrap-datepicker.js
INFO: [ app_init ] --START--
INFO: Run Behavior\BuildLiteBehavior [ RunTime:0.000014s ]
INFO: [ app_init ] --END-- [ RunTime:0.000261s ]
INFO: [ app_begin ] --START--
INFO: Run Behavior\ReadHtmlCacheBehavior [ RunTime:0.000364s ]
INFO: [ app_begin ] --END-- [ RunTime:0.000409s ]
ERR: 无法加载控制器:Public

[ 2016-04-14T10:03:00+08:00 ] 127.0.0.1 /index.php/Home/Class/classmain.html?nav=42&pnav=40
INFO: [ app_init ] --START--
INFO: Run Behavior\BuildLiteBehavior [ RunTime:0.000023s ]
INFO: [ app_init ] --END-- [ RunTime:0.000528s ]
INFO: [ app_begin ] --START--
INFO: Run Behavior\ReadHtmlCacheBehavior [ RunTime:0.000755s ]
INFO: [ app_begin ] --END-- [ RunTime:0.000852s ]
NOTIC: [2048] Declaration of Home\Controller\ClassController::show() should be compatible with that of Think\Controller::show() D:\langs\php\wamp\www\Application\Home\Controller\ClassController.class.php 第 91 行.
INFO: [ action_begin ] --START--
INFO: Run Home\Behaviors\AuthCheckBehavior [ RunTime:0.000338s ]
INFO: Run Home\Behaviors\NavBehavior [ RunTime:0.000183s ]
INFO: [ action_begin ] --END-- [ RunTime:0.000603s ]
INFO: [ view_parse ] --START--
INFO: [ template_filter ] --START--
INFO: Run Behavior\ContentReplaceBehavior [ RunTime:0.000098s ]
INFO: [ template_filter ] --END-- [ RunTime:0.000146s ]
INFO: Run Behavior\ParseTemplateBehavior [ RunTime:0.009565s ]
INFO: [ view_parse ] --END-- [ RunTime:0.009614s ]
INFO: [ view_filter ] --START--
INFO: Run Behavior\WriteHtmlCacheBehavior [ RunTime:0.000155s ]
INFO: [ view_filter ] --END-- [ RunTime:0.000198s ]
INFO: [ app_end ] --START--
INFO: Run Behavior\ShowPageTraceBehavior [ RunTime:0.000405s ]
INFO: [ app_end ] --END-- [ RunTime:0.000448s ]

[ 2016-04-14T10:03:00+08:00 ] 127.0.0.1 /index.php/Home/Class/Public/js/bootstrap-datepicker/bootstrap-datepicker.js
INFO: [ app_init ] --START--
INFO: Run Behavior\BuildLiteBehavior [ RunTime:0.000013s ]
INFO: [ app_init ] --END-- [ RunTime:0.000262s ]
INFO: [ app_begin ] --START--
INFO: Run Behavior\ReadHtmlCacheBehavior [ RunTime:0.000352s ]
INFO: [ app_begin ] --END-- [ RunTime:0.000398s ]
NOTIC: [2048] Declaration of Home\Controller\ClassController::show() should be compatible with that of Think\Controller::show() D:\langs\php\wamp\www\Application\Home\Controller\ClassController.class.php 第 91 行.
INFO: [ action_begin ] --START--
INFO: Run Home\Behaviors\AuthCheckBehavior [ RunTime:0.000279s ]
NOTIC: [8] Undefined index: pnav D:\langs\php\wamp\www\Application\Home\Behaviors\NavBehavior.class.php 第 6 行.
NOTIC: [8] Undefined index: nav D:\langs\php\wamp\www\Application\Home\Behaviors\NavBehavior.class.php 第 7 行.
INFO: Run Home\Behaviors\NavBehavior [ RunTime:0.000208s ]
INFO: [ action_begin ] --END-- [ RunTime:0.000556s ]
ERR: 非法操作:Public

[ 2016-04-14T10:03:08+08:00 ] 127.0.0.1 /index.php/Home/Class/classmain.html?nav=42&pnav=40
INFO: [ app_init ] --START--
INFO: Run Behavior\BuildLiteBehavior [ RunTime:0.000024s ]
INFO: [ app_init ] --END-- [ RunTime:0.000534s ]
INFO: [ app_begin ] --START--
INFO: Run Behavior\ReadHtmlCacheBehavior [ RunTime:0.000488s ]
INFO: [ app_begin ] --END-- [ RunTime:0.000569s ]
NOTIC: [2048] Declaration of Home\Controller\ClassController::show() should be compatible with that of Think\Controller::show() D:\langs\php\wamp\www\Application\Home\Controller\ClassController.class.php 第 91 行.
INFO: [ action_begin ] --START--
INFO: Run Home\Behaviors\AuthCheckBehavior [ RunTime:0.000352s ]
INFO: Run Home\Behaviors\NavBehavior [ RunTime:0.000202s ]
INFO: [ action_begin ] --END-- [ RunTime:0.000645s ]
INFO: [ view_parse ] --START--
INFO: [ template_filter ] --START--
INFO: Run Behavior\ContentReplaceBehavior [ RunTime:0.000116s ]
INFO: [ template_filter ] --END-- [ RunTime:0.000186s ]
INFO: Run Behavior\ParseTemplateBehavior [ RunTime:0.011534s ]
INFO: [ view_parse ] --END-- [ RunTime:0.011593s ]
INFO: [ view_filter ] --START--
INFO: Run Behavior\WriteHtmlCacheBehavior [ RunTime:0.000192s ]
INFO: [ view_filter ] --END-- [ RunTime:0.000243s ]
INFO: [ app_end ] --START--
INFO: Run Behavior\ShowPageTraceBehavior [ RunTime:0.000474s ]
INFO: [ app_end ] --END-- [ RunTime:0.000524s ]

[ 2016-04-14T10:03:44+08:00 ] 127.0.0.1 /index.php/Home/Class/classmain.html?nav=42&pnav=40
INFO: [ app_init ] --START--
INFO: Run Behavior\BuildLiteBehavior [ RunTime:0.000023s ]
INFO: [ app_init ] --END-- [ RunTime:0.000528s ]
INFO: [ app_begin ] --START--
INFO: Run Behavior\ReadHtmlCacheBehavior [ RunTime:0.000777s ]
INFO: [ app_begin ] --END-- [ RunTime:0.000873s ]
NOTIC: [2048] Declaration of Home\Controller\ClassController::show() should be compatible with that of Think\Controller::show() D:\langs\php\wamp\www\Application\Home\Controller\ClassController.class.php 第 91 行.
INFO: [ action_begin ] --START--
INFO: Run Home\Behaviors\AuthCheckBehavior [ RunTime:0.000598s ]
INFO: Run Home\Behaviors\NavBehavior [ RunTime:0.000346s ]
INFO: [ action_begin ] --END-- [ RunTime:0.001098s ]
INFO: [ view_parse ] --START--
INFO: [ template_filter ] --START--
INFO: Run Behavior\ContentReplaceBehavior [ RunTime:0.000188s ]
INFO: [ template_filter ] --END-- [ RunTime:0.000297s ]
INFO: Run Behavior\ParseTemplateBehavior [ RunTime:0.019356s ]
INFO: [ view_parse ] --END-- [ RunTime:0.019459s ]
INFO: [ view_filter ] --START--
INFO: Run Behavior\WriteHtmlCacheBehavior [ RunTime:0.000326s ]
INFO: [ view_filter ] --END-- [ RunTime:0.000411s ]
INFO: [ app_end ] --START--
INFO: Run Behavior\ShowPageTraceBehavior [ RunTime:0.000796s ]
INFO: [ app_end ] --END-- [ RunTime:0.000882s ]

[ 2016-04-14T10:03:51+08:00 ] 127.0.0.1 /index.php/Home/Class/classmain.html?nav=42&pnav=40
INFO: [ app_init ] --START--
INFO: Run Behavior\BuildLiteBehavior [ RunTime:0.000024s ]
INFO: [ app_init ] --END-- [ RunTime:0.000587s ]
INFO: [ app_begin ] --START--
INFO: Run Behavior\ReadHtmlCacheBehavior [ RunTime:0.000496s ]
INFO: [ app_begin ] --END-- [ RunTime:0.000568s ]
NOTIC: [2048] Declaration of Home\Controller\ClassController::show() should be compatible with that of Think\Controller::show() D:\langs\php\wamp\www\Application\Home\Controller\ClassController.class.php 第 91 行.
INFO: [ action_begin ] --START--
INFO: Run Home\Behaviors\AuthCheckBehavior [ RunTime:0.000398s ]
INFO: Run Home\Behaviors\NavBehavior [ RunTime:0.000200s ]
INFO: [ action_begin ] --END-- [ RunTime:0.000672s ]
INFO: [ view_parse ] --START--
INFO: [ template_filter ] --START--
INFO: Run Behavior\ContentReplaceBehavior [ RunTime:0.000089s ]
INFO: [ template_filter ] --END-- [ RunTime:0.000167s ]
INFO: Run Behavior\ParseTemplateBehavior [ RunTime:0.009557s ]
INFO: [ view_parse ] --END-- [ RunTime:0.009605s ]
INFO: [ view_filter ] --START--
INFO: Run Behavior\WriteHtmlCacheBehavior [ RunTime:0.000191s ]
INFO: [ view_filter ] --END-- [ RunTime:0.000230s ]
INFO: [ app_end ] --START--
INFO: Run Behavior\ShowPageTraceBehavior [ RunTime:0.000399s ]
INFO: [ app_end ] --END-- [ RunTime:0.000446s ]

[ 2016-04-14T10:04:04+08:00 ] 127.0.0.1 /index.php/Home/Class/classmain.html?nav=42&pnav=40
INFO: [ app_init ] --START--
INFO: Run Behavior\BuildLiteBehavior [ RunTime:0.000023s ]
INFO: [ app_init ] --END-- [ RunTime:0.000558s ]
INFO: [ app_begin ] --START--
INFO: Run Behavior\ReadHtmlCacheBehavior [ RunTime:0.000725s ]
INFO: [ app_begin ] --END-- [ RunTime:0.000816s ]
NOTIC: [2048] Declaration of Home\Controller\ClassController::show() should be compatible with that of Think\Controller::show() D:\langs\php\wamp\www\Application\Home\Controller\ClassController.class.php 第 91 行.
INFO: [ action_begin ] --START--
INFO: Run Home\Behaviors\AuthCheckBehavior [ RunTime:0.000566s ]
INFO: Run Home\Behaviors\NavBehavior [ RunTime:0.000326s ]
INFO: [ action_begin ] --END-- [ RunTime:0.001037s ]
INFO: [ view_parse ] --START--
INFO: [ template_filter ] --START--
INFO: Run Behavior\ContentReplaceBehavior [ RunTime:0.000097s ]
INFO: [ template_filter ] --END-- [ RunTime:0.000151s ]
INFO: Run Behavior\ParseTemplateBehavior [ RunTime:0.011603s ]
INFO: [ view_parse ] --END-- [ RunTime:0.011670s ]
INFO: [ view_filter ] --START--
INFO: Run Behavior\WriteHtmlCacheBehavior [ RunTime:0.000157s ]
INFO: [ view_filter ] --END-- [ RunTime:0.000200s ]
INFO: [ app_end ] --START--
INFO: Run Behavior\ShowPageTraceBehavior [ RunTime:0.000393s ]
INFO: [ app_end ] --END-- [ RunTime:0.000436s ]

[ 2016-04-14T10:04:08+08:00 ] 127.0.0.1 /index.php/Home/Class/showclass.html?nav=43&pnav=40
INFO: [ app_init ] --START--
INFO: Run Behavior\BuildLiteBehavior [ RunTime:0.000014s ]
INFO: [ app_init ] --END-- [ RunTime:0.000291s ]
INFO: [ app_begin ] --START--
INFO: Run Behavior\ReadHtmlCacheBehavior [ RunTime:0.000408s ]
INFO: [ app_begin ] --END-- [ RunTime:0.000460s ]
NOTIC: [2048] Declaration of Home\Controller\ClassController::show() should be compatible with that of Think\Controller::show() D:\langs\php\wamp\www\Application\Home\Controller\ClassController.class.php 第 91 行.
INFO: [ action_begin ] --START--
INFO: Run Home\Behaviors\AuthCheckBehavior [ RunTime:0.000317s ]
INFO: Run Home\Behaviors\NavBehavior [ RunTime:0.000184s ]
INFO: [ action_begin ] --END-- [ RunTime:0.000582s ]
INFO: [ view_parse ] --START--
INFO: [ template_filter ] --START--
INFO: Run Behavior\ContentReplaceBehavior [ RunTime:0.000111s ]
INFO: [ template_filter ] --END-- [ RunTime:0.000177s ]
INFO: Run Behavior\ParseTemplateBehavior [ RunTime:0.011813s ]
INFO: [ view_parse ] --END-- [ RunTime:0.011864s ]
INFO: [ view_filter ] --START--
INFO: Run Behavior\WriteHtmlCacheBehavior [ RunTime:0.000179s ]
INFO: [ view_filter ] --END-- [ RunTime:0.000224s ]
INFO: [ app_end ] --START--
INFO: Run Behavior\ShowPageTraceBehavior [ RunTime:0.000423s ]
INFO: [ app_end ] --END-- [ RunTime:0.000469s ]

[ 2016-04-14T10:04:11+08:00 ] 127.0.0.1 /index.php/Home/Class/classmain.html?nav=42&pnav=40
INFO: [ app_init ] --START--
INFO: Run Behavior\BuildLiteBehavior [ RunTime:0.000023s ]
INFO: [ app_init ] --END-- [ RunTime:0.000516s ]
INFO: [ app_begin ] --START--
INFO: Run Behavior\ReadHtmlCacheBehavior [ RunTime:0.000723s ]
INFO: [ app_begin ] --END-- [ RunTime:0.000814s ]
NOTIC: [2048] Declaration of Home\Controller\ClassController::show() should be compatible with that of Think\Controller::show() D:\langs\php\wamp\www\Application\Home\Controller\ClassController.class.php 第 91 行.
INFO: [ action_begin ] --START--
INFO: Run Home\Behaviors\AuthCheckBehavior [ RunTime:0.000559s ]
INFO: Run Home\Behaviors\NavBehavior [ RunTime:0.000322s ]
INFO: [ action_begin ] --END-- [ RunTime:0.001024s ]
INFO: [ view_parse ] --START--
INFO: [ template_filter ] --START--
INFO: Run Behavior\ContentReplaceBehavior [ RunTime:0.000107s ]
INFO: [ template_filter ] --END-- [ RunTime:0.000170s ]
INFO: Run Behavior\ParseTemplateBehavior [ RunTime:0.013599s ]
INFO: [ view_parse ] --END-- [ RunTime:0.013714s ]
INFO: [ view_filter ] --START--
INFO: Run Behavior\WriteHtmlCacheBehavior [ RunTime:0.000179s ]
INFO: [ view_filter ] --END-- [ RunTime:0.000226s ]
INFO: [ app_end ] --START--
INFO: Run Behavior\ShowPageTraceBehavior [ RunTime:0.000439s ]
INFO: [ app_end ] --END-- [ RunTime:0.000486s ]

[ 2016-04-14T10:04:13+08:00 ] 127.0.0.1 /index.php/Home/Class/showclass.html?nav=43&pnav=40
INFO: [ app_init ] --START--
INFO: Run Behavior\BuildLiteBehavior [ RunTime:0.000023s ]
INFO: [ app_init ] --END-- [ RunTime:0.000526s ]
INFO: [ app_begin ] --START--
INFO: Run Behavior\ReadHtmlCacheBehavior [ RunTime:0.000756s ]
INFO: [ app_begin ] --END-- [ RunTime:0.000854s ]
NOTIC: [2048] Declaration of Home\Controller\ClassController::show() should be compatible with that of Think\Controller::show() D:\langs\php\wamp\www\Application\Home\Controller\ClassController.class.php 第 91 行.
INFO: [ action_begin ] --START--
INFO: Run Home\Behaviors\AuthCheckBehavior [ RunTime:0.000266s ]
INFO: Run Home\Behaviors\NavBehavior [ RunTime:0.000155s ]
INFO: [ action_begin ] --END-- [ RunTime:0.000489s ]
INFO: [ view_parse ] --START--
INFO: [ template_filter ] --START--
INFO: Run Behavior\ContentReplaceBehavior [ RunTime:0.000094s ]
INFO: [ template_filter ] --END-- [ RunTime:0.000151s ]
INFO: Run Behavior\ParseTemplateBehavior [ RunTime:0.010571s ]
INFO: [ view_parse ] --END-- [ RunTime:0.010615s ]
INFO: [ view_filter ] --START--
INFO: Run Behavior\WriteHtmlCacheBehavior [ RunTime:0.000150s ]
INFO: [ view_filter ] --END-- [ RunTime:0.000188s ]
INFO: [ app_end ] --START--
INFO: Run Behavior\ShowPageTraceBehavior [ RunTime:0.000379s ]
INFO: [ app_end ] --END-- [ RunTime:0.000418s ]

[ 2016-04-14T10:05:01+08:00 ] 127.0.0.1 /index.php/Home/Class/classmain.html?nav=42&pnav=40
INFO: [ app_init ] --START--
INFO: Run Behavior\BuildLiteBehavior [ RunTime:0.000022s ]
INFO: [ app_init ] --END-- [ RunTime:0.000543s ]
INFO: [ app_begin ] --START--
INFO: Run Behavior\ReadHtmlCacheBehavior [ RunTime:0.000831s ]
INFO: [ app_begin ] --END-- [ RunTime:0.000924s ]
NOTIC: [2048] Declaration of Home\Controller\ClassController::show() should be compatible with that of Think\Controller::show() D:\langs\php\wamp\www\Application\Home\Controller\ClassController.class.php 第 91 行.
INFO: [ action_begin ] --START--
INFO: Run Home\Behaviors\AuthCheckBehavior [ RunTime:0.000892s ]
INFO: Run Home\Behaviors\NavBehavior [ RunTime:0.000407s ]
INFO: [ action_begin ] --END-- [ RunTime:0.001445s ]
INFO: [ view_parse ] --START--
INFO: [ template_filter ] --START--
INFO: Run Behavior\ContentReplaceBehavior [ RunTime:0.000178s ]
INFO: [ template_filter ] --END-- [ RunTime:0.000280s ]
INFO: Run Behavior\ParseTemplateBehavior [ RunTime:0.018835s ]
INFO: [ view_parse ] --END-- [ RunTime:0.018939s ]
INFO: [ view_filter ] --START--
INFO: Run Behavior\WriteHtmlCacheBehavior [ RunTime:0.000408s ]
INFO: [ view_filter ] --END-- [ RunTime:0.000490s ]
INFO: [ app_end ] --START--
INFO: Run Behavior\ShowPageTraceBehavior [ RunTime:0.000842s ]
INFO: [ app_end ] --END-- [ RunTime:0.000923s ]

[ 2016-04-14T10:05:08+08:00 ] 127.0.0.1 /index.php/Home/Class/showclass.html?nav=43&pnav=40
INFO: [ app_init ] --START--
INFO: Run Behavior\BuildLiteBehavior [ RunTime:0.000023s ]
INFO: [ app_init ] --END-- [ RunTime:0.000530s ]
INFO: [ app_begin ] --START--
INFO: Run Behavior\ReadHtmlCacheBehavior [ RunTime:0.000771s ]
INFO: [ app_begin ] --END-- [ RunTime:0.000872s ]
NOTIC: [2048] Declaration of Home\Controller\ClassController::show() should be compatible with that of Think\Controller::show() D:\langs\php\wamp\www\Application\Home\Controller\ClassController.class.php 第 91 行.
INFO: [ action_begin ] --START--
INFO: Run Home\Behaviors\AuthCheckBehavior [ RunTime:0.000595s ]
INFO: Run Home\Behaviors\NavBehavior [ RunTime:0.000344s ]
INFO: [ action_begin ] --END-- [ RunTime:0.001099s ]
INFO: [ view_parse ] --START--
INFO: [ template_filter ] --START--
INFO: Run Behavior\ContentReplaceBehavior [ RunTime:0.000096s ]
INFO: [ template_filter ] --END-- [ RunTime:0.000157s ]
INFO: Run Behavior\ParseTemplateBehavior [ RunTime:0.020063s ]
INFO: [ view_parse ] --END-- [ RunTime:0.020131s ]
INFO: [ view_filter ] --START--
INFO: Run Behavior\WriteHtmlCacheBehavior [ RunTime:0.000155s ]
INFO: [ view_filter ] --END-- [ RunTime:0.000193s ]
INFO: [ app_end ] --START--
INFO: Run Behavior\ShowPageTraceBehavior [ RunTime:0.000367s ]
INFO: [ app_end ] --END-- [ RunTime:0.000407s ]

[ 2016-04-14T10:05:09+08:00 ] 127.0.0.1 /index.php/Home/Class/classmain.html?nav=42&pnav=40
INFO: [ app_init ] --START--
INFO: Run Behavior\BuildLiteBehavior [ RunTime:0.000023s ]
INFO: [ app_init ] --END-- [ RunTime:0.000502s ]
INFO: [ app_begin ] --START--
INFO: Run Behavior\ReadHtmlCacheBehavior [ RunTime:0.000781s ]
INFO: [ app_begin ] --END-- [ RunTime:0.000874s ]
NOTIC: [2048] Declaration of Home\Controller\ClassController::show() should be compatible with that of Think\Controller::show() D:\langs\php\wamp\www\Application\Home\Controller\ClassController.class.php 第 91 行.
INFO: [ action_begin ] --START--
INFO: Run Home\Behaviors\AuthCheckBehavior [ RunTime:0.000551s ]
INFO: Run Home\Behaviors\NavBehavior [ RunTime:0.000320s ]
INFO: [ action_begin ] --END-- [ RunTime:0.001014s ]
INFO: [ view_parse ] --START--
INFO: [ template_filter ] --START--
INFO: Run Behavior\ContentReplaceBehavior [ RunTime:0.000108s ]
INFO: [ template_filter ] --END-- [ RunTime:0.000174s ]
INFO: Run Behavior\ParseTemplateBehavior [ RunTime:0.017536s ]
INFO: [ view_parse ] --END-- [ RunTime:0.017606s ]
INFO: [ view_filter ] --START--
INFO: Run Behavior\WriteHtmlCacheBehavior [ RunTime:0.000182s ]
INFO: [ view_filter ] --END-- [ RunTime:0.000228s ]
INFO: [ app_end ] --START--
INFO: Run Behavior\ShowPageTraceBehavior [ RunTime:0.000440s ]
INFO: [ app_end ] --END-- [ RunTime:0.000487s ]

[ 2016-04-14T10:05:59+08:00 ] 127.0.0.1 /index.php/Home/Class/showclass.html?nav=43&pnav=40
INFO: [ app_init ] --START--
INFO: Run Behavior\BuildLiteBehavior [ RunTime:0.000023s ]
INFO: [ app_init ] --END-- [ RunTime:0.000584s ]
INFO: [ app_begin ] --START--
INFO: Run Behavior\ReadHtmlCacheBehavior [ RunTime:0.000892s ]
INFO: [ app_begin ] --END-- [ RunTime:0.000992s ]
NOTIC: [2048] Declaration of Home\Controller\ClassController::show() should be compatible with that of Think\Controller::show() D:\langs\php\wamp\www\Application\Home\Controller\ClassController.class.php 第 91 行.
INFO: [ action_begin ] --START--
INFO: Run Home\Behaviors\AuthCheckBehavior [ RunTime:0.000869s ]
INFO: Run Home\Behaviors\NavBehavior [ RunTime:0.000441s ]
INFO: [ action_begin ] --END-- [ RunTime:0.001469s ]
INFO: [ view_parse ] --START--
INFO: [ template_filter ] --START--
INFO: Run Behavior\ContentReplaceBehavior [ RunTime:0.000194s ]
INFO: [ template_filter ] --END-- [ RunTime:0.000300s ]
INFO: Run Behavior\ParseTemplateBehavior [ RunTime:0.022421s ]
INFO: [ view_parse ] --END-- [ RunTime:0.022518s ]
INFO: [ view_filter ] --START--
INFO: Run Behavior\WriteHtmlCacheBehavior [ RunTime:0.000426s ]
INFO: [ view_filter ] --END-- [ RunTime:0.000510s ]
INFO: [ app_end ] --START--
INFO: Run Behavior\ShowPageTraceBehavior [ RunTime:0.000896s ]
INFO: [ app_end ] --END-- [ RunTime:0.000983s ]

[ 2016-04-14T10:06:00+08:00 ] 127.0.0.1 /index.php/Home/Class/classmain.html?nav=42&pnav=40
INFO: [ app_init ] --START--
INFO: Run Behavior\BuildLiteBehavior [ RunTime:0.000022s ]
INFO: [ app_init ] --END-- [ RunTime:0.000503s ]
INFO: [ app_begin ] --START--
INFO: Run Behavior\ReadHtmlCacheBehavior [ RunTime:0.000711s ]
INFO: [ app_begin ] --END-- [ RunTime:0.000804s ]
NOTIC: [2048] Declaration of Home\Controller\ClassController::show() should be compatible with that of Think\Controller::show() D:\langs\php\wamp\www\Application\Home\Controller\ClassController.class.php 第 91 行.
INFO: [ action_begin ] --START--
INFO: Run Home\Behaviors\AuthCheckBehavior [ RunTime:0.000557s ]
INFO: Run Home\Behaviors\NavBehavior [ RunTime:0.000321s ]
INFO: [ action_begin ] --END-- [ RunTime:0.001020s ]
INFO: [ view_parse ] --START--
INFO: [ template_filter ] --START--
INFO: Run Behavior\ContentReplaceBehavior [ RunTime:0.000084s ]
INFO: [ template_filter ] --END-- [ RunTime:0.000132s ]
INFO: Run Behavior\ParseTemplateBehavior [ RunTime:0.015203s ]
INFO: [ view_parse ] --END-- [ RunTime:0.015266s ]
INFO: [ view_filter ] --START--
INFO: Run Behavior\WriteHtmlCacheBehavior [ RunTime:0.000139s ]
INFO: [ view_filter ] --END-- [ RunTime:0.000176s ]
INFO: [ app_end ] --START--
INFO: Run Behavior\ShowPageTraceBehavior [ RunTime:0.000380s ]
INFO: [ app_end ] --END-- [ RunTime:0.000418s ]

[ 2016-04-14T10:06:01+08:00 ] 127.0.0.1 /index.php/Home/Class/showclass.html?nav=43&pnav=40
INFO: [ app_init ] --START--
INFO: Run Behavior\BuildLiteBehavior [ RunTime:0.000024s ]
INFO: [ app_init ] --END-- [ RunTime:0.000581s ]
INFO: [ app_begin ] --START--
INFO: Run Behavior\ReadHtmlCacheBehavior [ RunTime:0.000886s ]
INFO: [ app_begin ] --END-- [ RunTime:0.000987s ]
NOTIC: [2048] Declaration of Home\Controller\ClassController::show() should be compatible with that of Think\Controller::show() D:\langs\php\wamp\www\Application\Home\Controller\ClassController.class.php 第 91 行.
INFO: [ action_begin ] --START--
INFO: Run Home\Behaviors\AuthCheckBehavior [ RunTime:0.000889s ]
INFO: Run Home\Behaviors\NavBehavior [ RunTime:0.000435s ]
INFO: [ action_begin ] --END-- [ RunTime:0.001479s ]
INFO: [ view_parse ] --START--
INFO: [ template_filter ] --START--
INFO: Run Behavior\ContentReplaceBehavior [ RunTime:0.000092s ]
INFO: [ template_filter ] --END-- [ RunTime:0.000151s ]
INFO: Run Behavior\ParseTemplateBehavior [ RunTime:0.011215s ]
INFO: [ view_parse ] --END-- [ RunTime:0.011280s ]
INFO: [ view_filter ] --START--
INFO: Run Behavior\WriteHtmlCacheBehavior [ RunTime:0.000196s ]
INFO: [ view_filter ] --END-- [ RunTime:0.000235s ]
INFO: [ app_end ] --START--
INFO: Run Behavior\ShowPageTraceBehavior [ RunTime:0.000408s ]
INFO: [ app_end ] --END-- [ RunTime:0.000446s ]

[ 2016-04-14T10:31:42+08:00 ] 127.0.0.1 /index.php/Home/Class/classmain.html?nav=42&pnav=40
INFO: [ app_init ] --START--
INFO: Run Behavior\BuildLiteBehavior [ RunTime:0.000026s ]
INFO: [ app_init ] --END-- [ RunTime:0.000607s ]
INFO: [ app_begin ] --START--
INFO: Run Behavior\ReadHtmlCacheBehavior [ RunTime:0.000910s ]
INFO: [ app_begin ] --END-- [ RunTime:0.001012s ]
NOTIC: [2048] Declaration of Home\Controller\ClassController::show() should be compatible with that of Think\Controller::show() D:\langs\php\wamp\www\Application\Home\Controller\ClassController.class.php 第 91 行.
INFO: [ action_begin ] --START--
INFO: Run Home\Behaviors\AuthCheckBehavior [ RunTime:0.000861s ]
INFO: Run Home\Behaviors\NavBehavior [ RunTime:0.000437s ]
INFO: [ action_begin ] --END-- [ RunTime:0.001454s ]
INFO: [ view_parse ] --START--
INFO: [ template_filter ] --START--
INFO: Run Behavior\ContentReplaceBehavior [ RunTime:0.000125s ]
INFO: [ template_filter ] --END-- [ RunTime:0.000194s ]
INFO: Run Behavior\ParseTemplateBehavior [ RunTime:0.013266s ]
INFO: [ view_parse ] --END-- [ RunTime:0.013351s ]
INFO: [ view_filter ] --START--
INFO: Run Behavior\WriteHtmlCacheBehavior [ RunTime:0.000291s ]
INFO: [ view_filter ] --END-- [ RunTime:0.000347s ]
INFO: [ app_end ] --START--
INFO: Run Behavior\ShowPageTraceBehavior [ RunTime:0.000578s ]
INFO: [ app_end ] --END-- [ RunTime:0.000635s ]

[ 2016-04-14T10:31:58+08:00 ] 127.0.0.1 /index.php/Home/Class/classmain.html?nav=42&pnav=40
INFO: [ app_init ] --START--
INFO: Run Behavior\BuildLiteBehavior [ RunTime:0.000022s ]
INFO: [ app_init ] --END-- [ RunTime:0.000557s ]
INFO: [ app_begin ] --START--
INFO: Run Behavior\ReadHtmlCacheBehavior [ RunTime:0.000417s ]
INFO: [ app_begin ] --END-- [ RunTime:0.000464s ]
NOTIC: [2048] Declaration of Home\Controller\ClassController::show() should be compatible with that of Think\Controller::show() D:\langs\php\wamp\www\Application\Home\Controller\ClassController.class.php 第 91 行.
INFO: [ action_begin ] --START--
INFO: Run Home\Behaviors\AuthCheckBehavior [ RunTime:0.000397s ]
INFO: Run Home\Behaviors\NavBehavior [ RunTime:0.000200s ]
INFO: [ action_begin ] --END-- [ RunTime:0.000669s ]
INFO: [ view_parse ] --START--
INFO: [ template_filter ] --START--
INFO: Run Behavior\ContentReplaceBehavior [ RunTime:0.000092s ]
INFO: [ template_filter ] --END-- [ RunTime:0.000143s ]
INFO: Run Behavior\ParseTemplateBehavior [ RunTime:0.009517s ]
INFO: [ view_parse ] --END-- [ RunTime:0.009566s ]
INFO: [ view_filter ] --START--
INFO: Run Behavior\WriteHtmlCacheBehavior [ RunTime:0.000201s ]
INFO: [ view_filter ] --END-- [ RunTime:0.000240s ]
INFO: [ app_end ] --START--
INFO: Run Behavior\ShowPageTraceBehavior [ RunTime:0.000426s ]
INFO: [ app_end ] --END-- [ RunTime:0.000466s ]

[ 2016-04-14T10:32:52+08:00 ] 127.0.0.1 /index.php/Home/Class/showclass.html?nav=43&pnav=40
INFO: [ app_init ] --START--
INFO: Run Behavior\BuildLiteBehavior [ RunTime:0.000022s ]
INFO: [ app_init ] --END-- [ RunTime:0.000625s ]
INFO: [ app_begin ] --START--
INFO: Run Behavior\ReadHtmlCacheBehavior [ RunTime:0.000907s ]
INFO: [ app_begin ] --END-- [ RunTime:0.001007s ]
NOTIC: [2048] Declaration of Home\Controller\ClassController::show() should be compatible with that of Think\Controller::show() D:\langs\php\wamp\www\Application\Home\Controller\ClassController.class.php 第 91 行.
INFO: [ action_begin ] --START--
INFO: Run Home\Behaviors\AuthCheckBehavior [ RunTime:0.000395s ]
INFO: Run Home\Behaviors\NavBehavior [ RunTime:0.000195s ]
INFO: [ action_begin ] --END-- [ RunTime:0.000670s ]
INFO: [ view_parse ] --START--
INFO: [ template_filter ] --START--
INFO: Run Behavior\ContentReplaceBehavior [ RunTime:0.000089s ]
INFO: [ template_filter ] --END-- [ RunTime:0.000142s ]
INFO: Run Behavior\ParseTemplateBehavior [ RunTime:0.015298s ]
INFO: [ view_parse ] --END-- [ RunTime:0.015343s ]
INFO: [ view_filter ] --START--
INFO: Run Behavior\WriteHtmlCacheBehavior [ RunTime:0.000218s ]
INFO: [ view_filter ] --END-- [ RunTime:0.000256s ]
INFO: [ app_end ] --START--
INFO: Run Behavior\ShowPageTraceBehavior [ RunTime:0.000399s ]
INFO: [ app_end ] --END-- [ RunTime:0.000438s ]

[ 2016-04-14T10:32:54+08:00 ] 127.0.0.1 /index.php/Home/Class/classmain.html?nav=42&pnav=40
INFO: [ app_init ] --START--
INFO: Run Behavior\BuildLiteBehavior [ RunTime:0.000021s ]
INFO: [ app_init ] --END-- [ RunTime:0.000507s ]
INFO: [ app_begin ] --START--
INFO: Run Behavior\ReadHtmlCacheBehavior [ RunTime:0.000726s ]
INFO: [ app_begin ] --END-- [ RunTime:0.000818s ]
NOTIC: [2048] Declaration of Home\Controller\ClassController::show() should be compatible with that of Think\Controller::show() D:\langs\php\wamp\www\Application\Home\Controller\ClassController.class.php 第 91 行.
INFO: [ action_begin ] --START--
INFO: Run Home\Behaviors\AuthCheckBehavior [ RunTime:0.000640s ]
INFO: Run Home\Behaviors\NavBehavior [ RunTime:0.000333s ]
INFO: [ action_begin ] --END-- [ RunTime:0.001118s ]
INFO: [ view_parse ] --START--
INFO: [ template_filter ] --START--
INFO: Run Behavior\ContentReplaceBehavior [ RunTime:0.000107s ]
INFO: [ template_filter ] --END-- [ RunTime:0.000157s ]
INFO: Run Behavior\ParseTemplateBehavior [ RunTime:0.013844s ]
INFO: [ view_parse ] --END-- [ RunTime:0.013909s ]
INFO: [ view_filter ] --START--
INFO: Run Behavior\WriteHtmlCacheBehavior [ RunTime:0.000143s ]
INFO: [ view_filter ] --END-- [ RunTime:0.000179s ]
INFO: [ app_end ] --START--
INFO: Run Behavior\ShowPageTraceBehavior [ RunTime:0.000381s ]
INFO: [ app_end ] --END-- [ RunTime:0.000420s ]

[ 2016-04-14T10:33:05+08:00 ] 127.0.0.1 /index.php/Home/Class/addstudent.html?nav=21&pnav=20
INFO: [ app_init ] --START--
INFO: Run Behavior\BuildLiteBehavior [ RunTime:0.000022s ]
INFO: [ app_init ] --END-- [ RunTime:0.000558s ]
INFO: [ app_begin ] --START--
INFO: Run Behavior\ReadHtmlCacheBehavior [ RunTime:0.000848s ]
INFO: [ app_begin ] --END-- [ RunTime:0.000943s ]
NOTIC: [2048] Declaration of Home\Controller\ClassController::show() should be compatible with that of Think\Controller::show() D:\langs\php\wamp\www\Application\Home\Controller\ClassController.class.php 第 91 行.
INFO: [ action_begin ] --START--
INFO: Run Home\Behaviors\AuthCheckBehavior [ RunTime:0.000833s ]
INFO: Run Home\Behaviors\NavBehavior [ RunTime:0.000409s ]
INFO: [ action_begin ] --END-- [ RunTime:0.001388s ]
ERR: 非法操作:addstudent

[ 2016-04-14T10:40:55+08:00 ] 127.0.0.1 /index.php/Home/Class/addstudent.html?nav=21&pnav=20
INFO: [ app_init ] --START--
INFO: Run Behavior\BuildLiteBehavior [ RunTime:0.000023s ]
INFO: [ app_init ] --END-- [ RunTime:0.000598s ]
INFO: [ app_begin ] --START--
INFO: Run Behavior\ReadHtmlCacheBehavior [ RunTime:0.000930s ]
INFO: [ app_begin ] --END-- [ RunTime:0.001051s ]
NOTIC: [2048] Declaration of Home\Controller\ClassController::show() should be compatible with that of Think\Controller::show() D:\langs\php\wamp\www\Application\Home\Controller\ClassController.class.php 第 91 行.
INFO: [ action_begin ] --START--
INFO: Run Home\Behaviors\AuthCheckBehavior [ RunTime:0.000889s ]
INFO: Run Home\Behaviors\NavBehavior [ RunTime:0.000433s ]
INFO: [ action_begin ] --END-- [ RunTime:0.001476s ]
ERR: 非法操作:addstudent

[ 2016-04-14T11:21:07+08:00 ] 127.0.0.1 /index.php/Home/Class/classmain.html?nav=42&pnav=40
INFO: [ app_init ] --START--
INFO: Run Behavior\BuildLiteBehavior [ RunTime:0.000024s ]
INFO: [ app_init ] --END-- [ RunTime:0.000572s ]
INFO: [ app_begin ] --START--
INFO: Run Behavior\ReadHtmlCacheBehavior [ RunTime:0.000862s ]
INFO: [ app_begin ] --END-- [ RunTime:0.000962s ]
NOTIC: [2048] Declaration of Home\Controller\ClassController::show() should be compatible with that of Think\Controller::show() D:\langs\php\wamp\www\Application\Home\Controller\ClassController.class.php 第 91 行.
INFO: [ action_begin ] --START--
INFO: Run Home\Behaviors\AuthCheckBehavior [ RunTime:0.000997s ]
INFO: Run Home\Behaviors\NavBehavior [ RunTime:0.000412s ]
INFO: [ action_begin ] --END-- [ RunTime:0.001560s ]
INFO: [ view_parse ] --START--
INFO: [ template_filter ] --START--
INFO: Run Behavior\ContentReplaceBehavior [ RunTime:0.000096s ]
INFO: [ template_filter ] --END-- [ RunTime:0.000154s ]
INFO: Run Behavior\ParseTemplateBehavior [ RunTime:0.014813s ]
INFO: [ view_parse ] --END-- [ RunTime:0.014880s ]
INFO: [ view_filter ] --START--
INFO: Run Behavior\WriteHtmlCacheBehavior [ RunTime:0.000222s ]
INFO: [ view_filter ] --END-- [ RunTime:0.000260s ]
INFO: [ app_end ] --START--
INFO: Run Behavior\ShowPageTraceBehavior [ RunTime:0.000411s ]
INFO: [ app_end ] --END-- [ RunTime:0.000450s ]

[ 2016-04-14T16:03:12+08:00 ] 127.0.0.1 /index.php/Home/Class/showclass.html?nav=43&pnav=40
INFO: [ app_init ] --START--
INFO: Run Behavior\BuildLiteBehavior [ RunTime:0.000025s ]
INFO: [ app_init ] --END-- [ RunTime:0.000578s ]
INFO: [ app_begin ] --START--
INFO: Run Behavior\ReadHtmlCacheBehavior [ RunTime:0.000856s ]
INFO: [ app_begin ] --END-- [ RunTime:0.000953s ]
NOTIC: [2048] Declaration of Home\Controller\ClassController::show() should be compatible with that of Think\Controller::show() D:\langs\php\wamp\www\Application\Home\Controller\ClassController.class.php 第 102 行.
INFO: [ action_begin ] --START--
INFO: Run Home\Behaviors\AuthCheckBehavior [ RunTime:0.000990s ]
INFO: Run Home\Behaviors\NavBehavior [ RunTime:0.000411s ]
INFO: [ action_begin ] --END-- [ RunTime:0.001548s ]
INFO: [ view_parse ] --START--
INFO: [ template_filter ] --START--
INFO: Run Behavior\ContentReplaceBehavior [ RunTime:0.000093s ]
INFO: [ template_filter ] --END-- [ RunTime:0.000146s ]
INFO: Run Behavior\ParseTemplateBehavior [ RunTime:0.013296s ]
INFO: [ view_parse ] --END-- [ RunTime:0.013363s ]
INFO: [ view_filter ] --START--
INFO: Run Behavior\WriteHtmlCacheBehavior [ RunTime:0.000211s ]
INFO: [ view_filter ] --END-- [ RunTime:0.000252s ]
INFO: [ app_end ] --START--
INFO: Run Behavior\ShowPageTraceBehavior [ RunTime:0.000425s ]
INFO: [ app_end ] --END-- [ RunTime:0.000464s ]

[ 2016-04-14T16:03:27+08:00 ] 127.0.0.1 /index.php/Home/Class/classmain.html?nav=42&pnav=40
INFO: [ app_init ] --START--
INFO: Run Behavior\BuildLiteBehavior [ RunTime:0.000023s ]
INFO: [ app_init ] --END-- [ RunTime:0.000543s ]
INFO: [ app_begin ] --START--
INFO: Run Behavior\ReadHtmlCacheBehavior [ RunTime:0.000898s ]
INFO: [ app_begin ] --END-- [ RunTime:0.001005s ]
NOTIC: [2048] Declaration of Home\Controller\ClassController::show() should be compatible with that of Think\Controller::show() D:\langs\php\wamp\www\Application\Home\Controller\ClassController.class.php 第 102 行.
INFO: [ action_begin ] --START--
INFO: Run Home\Behaviors\AuthCheckBehavior [ RunTime:0.000824s ]
INFO: Run Home\Behaviors\NavBehavior [ RunTime:0.000494s ]
INFO: [ action_begin ] --END-- [ RunTime:0.001464s ]
INFO: [ view_parse ] --START--
INFO: [ template_filter ] --START--
INFO: Run Behavior\ContentReplaceBehavior [ RunTime:0.000178s ]
INFO: [ template_filter ] --END-- [ RunTime:0.000275s ]
INFO: Run Behavior\ParseTemplateBehavior [ RunTime:0.018620s ]
INFO: [ view_parse ] --END-- [ RunTime:0.018715s ]
INFO: [ view_filter ] --START--
INFO: Run Behavior\WriteHtmlCacheBehavior [ RunTime:0.000405s ]
INFO: [ view_filter ] --END-- [ RunTime:0.000484s ]
INFO: [ app_end ] --START--
INFO: Run Behavior\ShowPageTraceBehavior [ RunTime:0.000842s ]
INFO: [ app_end ] --END-- [ RunTime:0.000923s ]

[ 2016-04-14T16:03:41+08:00 ] 127.0.0.1 /index.php/Home/Class/showclass.html?nav=43&pnav=40
INFO: [ app_init ] --START--
INFO: Run Behavior\BuildLiteBehavior [ RunTime:0.000023s ]
INFO: [ app_init ] --END-- [ RunTime:0.000527s ]
INFO: [ app_begin ] --START--
INFO: Run Behavior\ReadHtmlCacheBehavior [ RunTime:0.000762s ]
INFO: [ app_begin ] --END-- [ RunTime:0.000860s ]
NOTIC: [2048] Declaration of Home\Controller\ClassController::show() should be compatible with that of Think\Controller::show() D:\langs\php\wamp\www\Application\Home\Controller\ClassController.class.php 第 102 行.
INFO: [ action_begin ] --START--
INFO: Run Home\Behaviors\AuthCheckBehavior [ RunTime:0.000586s ]
INFO: Run Home\Behaviors\NavBehavior [ RunTime:0.000343s ]
INFO: [ action_begin ] --END-- [ RunTime:0.001081s ]
INFO: [ view_parse ] --START--
INFO: [ template_filter ] --START--
INFO: Run Behavior\ContentReplaceBehavior [ RunTime:0.000088s ]
INFO: [ template_filter ] --END-- [ RunTime:0.000135s ]
INFO: Run Behavior\ParseTemplateBehavior [ RunTime:0.012820s ]
INFO: [ view_parse ] --END-- [ RunTime:0.012885s ]
INFO: [ view_filter ] --START--
INFO: Run Behavior\WriteHtmlCacheBehavior [ RunTime:0.000142s ]
INFO: [ view_filter ] --END-- [ RunTime:0.000178s ]
INFO: [ app_end ] --START--
INFO: Run Behavior\ShowPageTraceBehavior [ RunTime:0.000351s ]
INFO: [ app_end ] --END-- [ RunTime:0.000407s ]

[ 2016-04-14T16:03:43+08:00 ] 127.0.0.1 /index.php/Home/Class/classmain.html?nav=42&pnav=40
INFO: [ app_init ] --START--
INFO: Run Behavior\BuildLiteBehavior [ RunTime:0.000022s ]
INFO: [ app_init ] --END-- [ RunTime:0.000494s ]
INFO: [ app_begin ] --START--
INFO: Run Behavior\ReadHtmlCacheBehavior [ RunTime:0.000707s ]
INFO: [ app_begin ] --END-- [ RunTime:0.000799s ]
NOTIC: [2048] Declaration of Home\Controller\ClassController::show() should be compatible with that of Think\Controller::show() D:\langs\php\wamp\www\Application\Home\Controller\ClassController.class.php 第 102 行.
INFO: [ action_begin ] --START--
INFO: Run Home\Behaviors\AuthCheckBehavior [ RunTime:0.000551s ]
INFO: Run Home\Behaviors\NavBehavior [ RunTime:0.000319s ]
INFO: [ action_begin ] --END-- [ RunTime:0.001013s ]
INFO: [ view_parse ] --START--
INFO: [ template_filter ] --START--
INFO: Run Behavior\ContentReplaceBehavior [ RunTime:0.000094s ]
INFO: [ template_filter ] --END-- [ RunTime:0.000148s ]
INFO: Run Behavior\ParseTemplateBehavior [ RunTime:0.016931s ]
INFO: [ view_parse ] --END-- [ RunTime:0.016998s ]
INFO: [ view_filter ] --START--
INFO: Run Behavior\WriteHtmlCacheBehavior [ RunTime:0.000156s ]
INFO: [ view_filter ] --END-- [ RunTime:0.000196s ]
INFO: [ app_end ] --START--
INFO: Run Behavior\ShowPageTraceBehavior [ RunTime:0.000382s ]
INFO: [ app_end ] --END-- [ RunTime:0.000422s ]

[ 2016-04-14T16:03:44+08:00 ] 127.0.0.1 /index.php/Home/Class/showclass.html?nav=43&pnav=40
INFO: [ app_init ] --START--
INFO: Run Behavior\BuildLiteBehavior [ RunTime:0.000024s ]
INFO: [ app_init ] --END-- [ RunTime:0.000607s ]
INFO: [ app_begin ] --START--
INFO: Run Behavior\ReadHtmlCacheBehavior [ RunTime:0.000872s ]
INFO: [ app_begin ] --END-- [ RunTime:0.000978s ]
NOTIC: [2048] Declaration of Home\Controller\ClassController::show() should be compatible with that of Think\Controller::show() D:\langs\php\wamp\www\Application\Home\Controller\ClassController.class.php 第 102 行.
INFO: [ action_begin ] --START--
INFO: Run Home\Behaviors\AuthCheckBehavior [ RunTime:0.000612s ]
INFO: Run Home\Behaviors\NavBehavior [ RunTime:0.000350s ]
INFO: [ action_begin ] --END-- [ RunTime:0.001116s ]
INFO: [ view_parse ] --START--
INFO: [ template_filter ] --START--
INFO: Run Behavior\ContentReplaceBehavior [ RunTime:0.000126s ]
INFO: [ template_filter ] --END-- [ RunTime:0.000196s ]
INFO: Run Behavior\ParseTemplateBehavior [ RunTime:0.019334s ]
INFO: [ view_parse ] --END-- [ RunTime:0.019409s ]
INFO: [ view_filter ] --START--
INFO: Run Behavior\WriteHtmlCacheBehavior [ RunTime:0.000208s ]
INFO: [ view_filter ] --END-- [ RunTime:0.000261s ]
INFO: [ app_end ] --START--
INFO: Run Behavior\ShowPageTraceBehavior [ RunTime:0.000491s ]
INFO: [ app_end ] --END-- [ RunTime:0.000544s ]

[ 2016-04-14T16:03:47+08:00 ] 127.0.0.1 /index.php/Home/Class/classmain.html?nav=42&pnav=40
INFO: [ app_init ] --START--
INFO: Run Behavior\BuildLiteBehavior [ RunTime:0.000023s ]
INFO: [ app_init ] --END-- [ RunTime:0.000524s ]
INFO: [ app_begin ] --START--
INFO: Run Behavior\ReadHtmlCacheBehavior [ RunTime:0.000757s ]
INFO: [ app_begin ] --END-- [ RunTime:0.000855s ]
NOTIC: [2048] Declaration of Home\Controller\ClassController::show() should be compatible with that of Think\Controller::show() D:\langs\php\wamp\www\Application\Home\Controller\ClassController.class.php 第 102 行.
INFO: [ action_begin ] --START--
INFO: Run Home\Behaviors\AuthCheckBehavior [ RunTime:0.000568s ]
INFO: Run Home\Behaviors\NavBehavior [ RunTime:0.000157s ]
INFO: [ action_begin ] --END-- [ RunTime:0.000819s ]
INFO: [ view_parse ] --START--
INFO: [ template_filter ] --START--
INFO: Run Behavior\ContentReplaceBehavior [ RunTime:0.000108s ]
INFO: [ template_filter ] --END-- [ RunTime:0.000159s ]
INFO: Run Behavior\ParseTemplateBehavior [ RunTime:0.009024s ]
INFO: [ view_parse ] --END-- [ RunTime:0.009070s ]
INFO: [ view_filter ] --START--
INFO: Run Behavior\WriteHtmlCacheBehavior [ RunTime:0.000149s ]
INFO: [ view_filter ] --END-- [ RunTime:0.000187s ]
INFO: [ app_end ] --START--
INFO: Run Behavior\ShowPageTraceBehavior [ RunTime:0.000365s ]
INFO: [ app_end ] --END-- [ RunTime:0.000403s ]

[ 2016-04-14T17:21:20+08:00 ] 127.0.0.1 /index.php/Home/Class/classdetail.html?nav=42&pnav=40
INFO: [ app_init ] --START--
INFO: Run Behavior\BuildLiteBehavior [ RunTime:0.000024s ]
INFO: [ app_init ] --END-- [ RunTime:0.000598s ]
INFO: [ app_begin ] --START--
INFO: Run Behavior\ReadHtmlCacheBehavior [ RunTime:0.000979s ]
INFO: [ app_begin ] --END-- [ RunTime:0.001087s ]
NOTIC: [2048] Declaration of Home\Controller\ClassController::show() should be compatible with that of Think\Controller::show() D:\langs\php\wamp\www\Application\Home\Controller\ClassController.class.php 第 122 行.
INFO: [ action_begin ] --START--
INFO: Run Home\Behaviors\AuthCheckBehavior [ RunTime:0.000927s ]
INFO: Run Home\Behaviors\NavBehavior [ RunTime:0.000446s ]
INFO: [ action_begin ] --END-- [ RunTime:0.001533s ]
INFO: [ view_parse ] --START--
INFO: [ template_filter ] --START--
INFO: Run Behavior\ContentReplaceBehavior [ RunTime:0.000159s ]
INFO: [ template_filter ] --END-- [ RunTime:0.000263s ]
INFO: Run Behavior\ParseTemplateBehavior [ RunTime:0.038691s ]
INFO: [ view_parse ] --END-- [ RunTime:0.038801s ]
INFO: [ view_filter ] --START--
INFO: Run Behavior\WriteHtmlCacheBehavior [ RunTime:0.000427s ]
INFO: [ view_filter ] --END-- [ RunTime:0.000511s ]
INFO: [ app_end ] --START--
INFO: Run Behavior\ShowPageTraceBehavior [ RunTime:0.000857s ]
INFO: [ app_end ] --END-- [ RunTime:0.000940s ]

[ 2016-04-14T18:21:58+08:00 ] 127.0.0.1 /index.php/Home/Class/classdetail.html?nav=42&pnav=40
INFO: [ app_init ] --START--
INFO: Run Behavior\BuildLiteBehavior [ RunTime:0.000015s ]
INFO: [ app_init ] --END-- [ RunTime:0.000379s ]
INFO: [ app_begin ] --START--
INFO: Run Behavior\ReadHtmlCacheBehavior [ RunTime:0.000583s ]
INFO: [ app_begin ] --END-- [ RunTime:0.000646s ]
NOTIC: [2048] Declaration of Home\Controller\ClassController::show() should be compatible with that of Think\Controller::show() D:\langs\php\wamp\www\Application\Home\Controller\ClassController.class.php 第 122 行.
INFO: [ action_begin ] --START--
INFO: Run Home\Behaviors\AuthCheckBehavior [ RunTime:0.000554s ]
INFO: Run Home\Behaviors\NavBehavior [ RunTime:0.000279s ]
INFO: [ action_begin ] --END-- [ RunTime:0.000932s ]
INFO: [ view_parse ] --START--
INFO: [ template_filter ] --START--
INFO: Run Behavior\ContentReplaceBehavior [ RunTime:0.000106s ]
INFO: [ template_filter ] --END-- [ RunTime:0.000169s ]
INFO: Run Behavior\ParseTemplateBehavior [ RunTime:0.010540s ]
INFO: [ view_parse ] --END-- [ RunTime:0.010603s ]
INFO: [ view_filter ] --START--
INFO: Run Behavior\WriteHtmlCacheBehavior [ RunTime:0.000273s ]
INFO: [ view_filter ] --END-- [ RunTime:0.000327s ]
INFO: [ app_end ] --START--
INFO: Run Behavior\ShowPageTraceBehavior [ RunTime:0.000711s ]
INFO: [ app_end ] --END-- [ RunTime:0.000815s ]

