[ 2016-05-05T10:14:35+08:00 ] 127.0.0.1 /index.php/Home/Operator/login
INFO: [ app_init ] --START--
INFO: Run Behavior\BuildLiteBehavior [ RunTime:0.000027s ]
INFO: [ app_init ] --END-- [ RunTime:0.016356s ]
INFO: [ app_begin ] --START--
INFO: Run Behavior\ReadHtmlCacheBehavior [ RunTime:0.007501s ]
INFO: [ app_begin ] --END-- [ RunTime:0.007604s ]
INFO: [ action_begin ] --START--
INFO: Run Home\Behaviors\AuthCheckBehavior [ RunTime:0.012144s ]
NOTIC: [8] Undefined index: pnav D:\GitHub\clone\class-arranger\Application\Home\Behaviors\NavBehavior.class.php 第 6 行.
NOTIC: [8] Undefined index: nav D:\GitHub\clone\class-arranger\Application\Home\Behaviors\NavBehavior.class.php 第 7 行.
INFO: Run Home\Behaviors\NavBehavior [ RunTime:0.000668s ]
INFO: [ action_begin ] --END-- [ RunTime:0.012986s ]
INFO: [ view_parse ] --START--
INFO: [ template_filter ] --START--
INFO: Run Behavior\ContentReplaceBehavior [ RunTime:0.000078s ]
INFO: [ template_filter ] --END-- [ RunTime:0.000191s ]
INFO: Run Behavior\ParseTemplateBehavior [ RunTime:0.052593s ]
INFO: [ view_parse ] --END-- [ RunTime:0.052716s ]
INFO: [ view_filter ] --START--
INFO: Run Behavior\WriteHtmlCacheBehavior [ RunTime:0.010474s ]
INFO: [ view_filter ] --END-- [ RunTime:0.010578s ]
INFO: [ app_end ] --START--
INFO: Run Behavior\ShowPageTraceBehavior [ RunTime:0.011431s ]
INFO: [ app_end ] --END-- [ RunTime:0.011537s ]

[ 2016-05-05T10:17:18+08:00 ] 127.0.0.1 /index.php/Home/Operator/doLogin
INFO: [ app_init ] --START--
INFO: Run Behavior\BuildLiteBehavior [ RunTime:0.000023s ]
INFO: [ app_init ] --END-- [ RunTime:0.000574s ]
INFO: [ app_begin ] --START--
INFO: Run Behavior\ReadHtmlCacheBehavior [ RunTime:0.000965s ]
INFO: [ app_begin ] --END-- [ RunTime:0.001065s ]
INFO: [ action_begin ] --START--
INFO: Run Home\Behaviors\AuthCheckBehavior [ RunTime:0.000970s ]
NOTIC: [8] Undefined index: pnav D:\GitHub\clone\class-arranger\Application\Home\Behaviors\NavBehavior.class.php 第 6 行.
NOTIC: [8] Undefined index: nav D:\GitHub\clone\class-arranger\Application\Home\Behaviors\NavBehavior.class.php 第 7 行.
INFO: Run Home\Behaviors\NavBehavior [ RunTime:0.000544s ]
INFO: [ action_begin ] --END-- [ RunTime:0.001664s ]
NOTIC: [8] Undefined index: lite D:\GitHub\clone\class-arranger\ThinkPHP\Library\Think\Db.class.php 第 37 行.

[ 2016-05-05T10:17:48+08:00 ] 127.0.0.1 /index.php/Home/Operator/doLogin
INFO: [ app_init ] --START--
INFO: Run Behavior\BuildLiteBehavior [ RunTime:0.000024s ]
INFO: [ app_init ] --END-- [ RunTime:0.000567s ]
INFO: [ app_begin ] --START--
INFO: Run Behavior\ReadHtmlCacheBehavior [ RunTime:0.000853s ]
INFO: [ app_begin ] --END-- [ RunTime:0.000948s ]
INFO: [ action_begin ] --START--
INFO: Run Home\Behaviors\AuthCheckBehavior [ RunTime:0.000943s ]
NOTIC: [8] Undefined index: pnav D:\GitHub\clone\class-arranger\Application\Home\Behaviors\NavBehavior.class.php 第 6 行.
NOTIC: [8] Undefined index: nav D:\GitHub\clone\class-arranger\Application\Home\Behaviors\NavBehavior.class.php 第 7 行.
INFO: Run Home\Behaviors\NavBehavior [ RunTime:0.000547s ]
INFO: [ action_begin ] --END-- [ RunTime:0.001658s ]
NOTIC: [8] Undefined index: lite D:\GitHub\clone\class-arranger\ThinkPHP\Library\Think\Db.class.php 第 37 行.

[ 2016-05-05T10:21:37+08:00 ] 127.0.0.1 /index.php/Home/Operator/doLogin
INFO: [ app_init ] --START--
INFO: Run Behavior\BuildLiteBehavior [ RunTime:0.000022s ]
INFO: [ app_init ] --END-- [ RunTime:0.000556s ]
INFO: [ app_begin ] --START--
INFO: Run Behavior\ReadHtmlCacheBehavior [ RunTime:0.000841s ]
INFO: [ app_begin ] --END-- [ RunTime:0.000937s ]
INFO: [ action_begin ] --START--
INFO: Run Home\Behaviors\AuthCheckBehavior [ RunTime:0.000818s ]
NOTIC: [8] Undefined index: pnav D:\GitHub\clone\class-arranger\Application\Home\Behaviors\NavBehavior.class.php 第 6 行.
NOTIC: [8] Undefined index: nav D:\GitHub\clone\class-arranger\Application\Home\Behaviors\NavBehavior.class.php 第 7 行.
INFO: Run Home\Behaviors\NavBehavior [ RunTime:0.000580s ]
INFO: [ action_begin ] --END-- [ RunTime:0.001541s ]
NOTIC: [8] Undefined index: lite D:\GitHub\clone\class-arranger\ThinkPHP\Library\Think\Db.class.php 第 37 行.

[ 2016-05-05T10:22:19+08:00 ] 127.0.0.1 /index.php/Home/Operator/login
INFO: [ app_init ] --START--
INFO: Run Behavior\BuildLiteBehavior [ RunTime:0.000023s ]
INFO: [ app_init ] --END-- [ RunTime:0.000544s ]
INFO: [ app_begin ] --START--
INFO: Run Behavior\ReadHtmlCacheBehavior [ RunTime:0.000877s ]
INFO: [ app_begin ] --END-- [ RunTime:0.000981s ]
INFO: [ action_begin ] --START--
INFO: Run Home\Behaviors\AuthCheckBehavior [ RunTime:0.000613s ]
NOTIC: [8] Undefined index: pnav D:\GitHub\clone\class-arranger\Application\Home\Behaviors\NavBehavior.class.php 第 6 行.
NOTIC: [8] Undefined index: nav D:\GitHub\clone\class-arranger\Application\Home\Behaviors\NavBehavior.class.php 第 7 行.
INFO: Run Home\Behaviors\NavBehavior [ RunTime:0.000441s ]
INFO: [ action_begin ] --END-- [ RunTime:0.001206s ]
INFO: [ view_parse ] --START--
INFO: [ template_filter ] --START--
INFO: Run Behavior\ContentReplaceBehavior [ RunTime:0.000044s ]
INFO: [ template_filter ] --END-- [ RunTime:0.000110s ]
INFO: Run Behavior\ParseTemplateBehavior [ RunTime:0.017627s ]
INFO: [ view_parse ] --END-- [ RunTime:0.017702s ]
INFO: [ view_filter ] --START--
INFO: Run Behavior\WriteHtmlCacheBehavior [ RunTime:0.000237s ]
INFO: [ view_filter ] --END-- [ RunTime:0.000286s ]
INFO: [ app_end ] --START--
INFO: Run Behavior\ShowPageTraceBehavior [ RunTime:0.000507s ]
INFO: [ app_end ] --END-- [ RunTime:0.000557s ]

[ 2016-05-05T10:22:50+08:00 ] 127.0.0.1 /index.php/Home/Operator/doLogin
INFO: [ app_init ] --START--
INFO: Run Behavior\BuildLiteBehavior [ RunTime:0.000023s ]
INFO: [ app_init ] --END-- [ RunTime:0.000556s ]
INFO: [ app_begin ] --START--
INFO: Run Behavior\ReadHtmlCacheBehavior [ RunTime:0.000789s ]
INFO: [ app_begin ] --END-- [ RunTime:0.000935s ]
INFO: [ action_begin ] --START--
INFO: Run Home\Behaviors\AuthCheckBehavior [ RunTime:0.000604s ]
NOTIC: [8] Undefined index: pnav D:\GitHub\clone\class-arranger\Application\Home\Behaviors\NavBehavior.class.php 第 6 行.
NOTIC: [8] Undefined index: nav D:\GitHub\clone\class-arranger\Application\Home\Behaviors\NavBehavior.class.php 第 7 行.
INFO: Run Home\Behaviors\NavBehavior [ RunTime:0.000447s ]
INFO: [ action_begin ] --END-- [ RunTime:0.001207s ]
NOTIC: [8] Undefined index: lite D:\GitHub\clone\class-arranger\ThinkPHP\Library\Think\Db.class.php 第 37 行.

