[ 2016-02-01T17:04:23+08:00 ] 10.103.9.78 /
INFO: [ app_init ] --START--
INFO: Run Behavior\BuildLiteBehavior [ RunTime:0.000028s ]
INFO: [ app_init ] --END-- [ RunTime:0.010991s ]
INFO: [ app_begin ] --START--
INFO: Run Behavior\ReadHtmlCacheBehavior [ RunTime:0.014112s ]
INFO: [ app_begin ] --END-- [ RunTime:0.014221s ]
INFO: [ action_begin ] --START--
NOTIC: [8] Undefined index: HTTP_REFERER D:\langs\php\wamp\www\Application\Home\Behaviors\AuthCheckBehavior.class.php 第 15 行.

[ 2016-02-01T17:08:56+08:00 ] 10.103.9.78 /
INFO: [ app_init ] --START--
INFO: Run Behavior\BuildLiteBehavior [ RunTime:0.000023s ]
INFO: [ app_init ] --END-- [ RunTime:0.000604s ]
INFO: [ app_begin ] --START--
INFO: Run Behavior\ReadHtmlCacheBehavior [ RunTime:0.000894s ]
INFO: [ app_begin ] --END-- [ RunTime:0.000991s ]
INFO: [ action_begin ] --START--
NOTIC: [8] Undefined index: HTTP_REFERER D:\langs\php\wamp\www\Application\Home\Behaviors\AuthCheckBehavior.class.php 第 15 行.

[ 2016-02-01T17:09:32+08:00 ] 10.103.9.78 /
INFO: [ app_init ] --START--
INFO: Run Behavior\BuildLiteBehavior [ RunTime:0.000023s ]
INFO: [ app_init ] --END-- [ RunTime:0.000521s ]
INFO: [ app_begin ] --START--
INFO: Run Behavior\ReadHtmlCacheBehavior [ RunTime:0.000727s ]
INFO: [ app_begin ] --END-- [ RunTime:0.000819s ]
INFO: [ action_begin ] --START--
NOTIC: [8] Undefined index: HTTP_REFERER D:\langs\php\wamp\www\Application\Home\Behaviors\AuthCheckBehavior.class.php 第 15 行.

[ 2016-02-01T17:09:32+08:00 ] 10.103.9.78 /
INFO: [ app_init ] --START--
INFO: Run Behavior\BuildLiteBehavior [ RunTime:0.000022s ]
INFO: [ app_init ] --END-- [ RunTime:0.000542s ]
INFO: [ app_begin ] --START--
INFO: Run Behavior\ReadHtmlCacheBehavior [ RunTime:0.000729s ]
INFO: [ app_begin ] --END-- [ RunTime:0.000821s ]
INFO: [ action_begin ] --START--
NOTIC: [8] Undefined index: HTTP_REFERER D:\langs\php\wamp\www\Application\Home\Behaviors\AuthCheckBehavior.class.php 第 15 行.

[ 2016-02-01T17:09:32+08:00 ] 10.103.9.78 /
INFO: [ app_init ] --START--
INFO: Run Behavior\BuildLiteBehavior [ RunTime:0.000020s ]
INFO: [ app_init ] --END-- [ RunTime:0.000513s ]
INFO: [ app_begin ] --START--
INFO: Run Behavior\ReadHtmlCacheBehavior [ RunTime:0.000724s ]
INFO: [ app_begin ] --END-- [ RunTime:0.000818s ]
INFO: [ action_begin ] --START--
NOTIC: [8] Undefined index: HTTP_REFERER D:\langs\php\wamp\www\Application\Home\Behaviors\AuthCheckBehavior.class.php 第 15 行.

[ 2016-02-01T17:09:32+08:00 ] 10.103.9.78 /
INFO: [ app_init ] --START--
INFO: Run Behavior\BuildLiteBehavior [ RunTime:0.000021s ]
INFO: [ app_init ] --END-- [ RunTime:0.000507s ]
INFO: [ app_begin ] --START--
INFO: Run Behavior\ReadHtmlCacheBehavior [ RunTime:0.000816s ]
INFO: [ app_begin ] --END-- [ RunTime:0.000916s ]
INFO: [ action_begin ] --START--
NOTIC: [8] Undefined index: HTTP_REFERER D:\langs\php\wamp\www\Application\Home\Behaviors\AuthCheckBehavior.class.php 第 15 行.

[ 2016-02-01T17:09:32+08:00 ] 10.103.9.78 /
INFO: [ app_init ] --START--
INFO: Run Behavior\BuildLiteBehavior [ RunTime:0.000022s ]
INFO: [ app_init ] --END-- [ RunTime:0.000527s ]
INFO: [ app_begin ] --START--
INFO: Run Behavior\ReadHtmlCacheBehavior [ RunTime:0.000728s ]
INFO: [ app_begin ] --END-- [ RunTime:0.000820s ]
INFO: [ action_begin ] --START--
NOTIC: [8] Undefined index: HTTP_REFERER D:\langs\php\wamp\www\Application\Home\Behaviors\AuthCheckBehavior.class.php 第 15 行.

[ 2016-02-01T17:09:32+08:00 ] 10.103.9.78 /
INFO: [ app_init ] --START--
INFO: Run Behavior\BuildLiteBehavior [ RunTime:0.000021s ]
INFO: [ app_init ] --END-- [ RunTime:0.000506s ]
INFO: [ app_begin ] --START--
INFO: Run Behavior\ReadHtmlCacheBehavior [ RunTime:0.000729s ]
INFO: [ app_begin ] --END-- [ RunTime:0.000823s ]
INFO: [ action_begin ] --START--
NOTIC: [8] Undefined index: HTTP_REFERER D:\langs\php\wamp\www\Application\Home\Behaviors\AuthCheckBehavior.class.php 第 15 行.

[ 2016-02-01T17:09:32+08:00 ] 10.103.9.78 /
INFO: [ app_init ] --START--
INFO: Run Behavior\BuildLiteBehavior [ RunTime:0.000023s ]
INFO: [ app_init ] --END-- [ RunTime:0.000516s ]
INFO: [ app_begin ] --START--
INFO: Run Behavior\ReadHtmlCacheBehavior [ RunTime:0.000729s ]
INFO: [ app_begin ] --END-- [ RunTime:0.000821s ]
INFO: [ action_begin ] --START--
NOTIC: [8] Undefined index: HTTP_REFERER D:\langs\php\wamp\www\Application\Home\Behaviors\AuthCheckBehavior.class.php 第 15 行.

[ 2016-02-01T17:09:33+08:00 ] 10.103.9.78 /
INFO: [ app_init ] --START--
INFO: Run Behavior\BuildLiteBehavior [ RunTime:0.000022s ]
INFO: [ app_init ] --END-- [ RunTime:0.000547s ]
INFO: [ app_begin ] --START--
INFO: Run Behavior\ReadHtmlCacheBehavior [ RunTime:0.000776s ]
INFO: [ app_begin ] --END-- [ RunTime:0.000875s ]
INFO: [ action_begin ] --START--
NOTIC: [8] Undefined index: HTTP_REFERER D:\langs\php\wamp\www\Application\Home\Behaviors\AuthCheckBehavior.class.php 第 15 行.

[ 2016-02-01T17:09:33+08:00 ] 10.103.9.78 /
INFO: [ app_init ] --START--
INFO: Run Behavior\BuildLiteBehavior [ RunTime:0.000021s ]
INFO: [ app_init ] --END-- [ RunTime:0.000515s ]
INFO: [ app_begin ] --START--
INFO: Run Behavior\ReadHtmlCacheBehavior [ RunTime:0.000723s ]
INFO: [ app_begin ] --END-- [ RunTime:0.000816s ]
INFO: [ action_begin ] --START--
NOTIC: [8] Undefined index: HTTP_REFERER D:\langs\php\wamp\www\Application\Home\Behaviors\AuthCheckBehavior.class.php 第 15 行.

[ 2016-02-01T17:10:22+08:00 ] 10.103.9.78 /
INFO: [ app_init ] --START--
INFO: Run Behavior\BuildLiteBehavior [ RunTime:0.000021s ]
INFO: [ app_init ] --END-- [ RunTime:0.000513s ]
INFO: [ app_begin ] --START--
INFO: Run Behavior\ReadHtmlCacheBehavior [ RunTime:0.000744s ]
INFO: [ app_begin ] --END-- [ RunTime:0.000839s ]
INFO: [ action_begin ] --START--
NOTIC: [8] Undefined index: HTTP_REFERER D:\langs\php\wamp\www\Application\Home\Behaviors\AuthCheckBehavior.class.php 第 15 行.

